Login successful.
{'data': {'user': {'id': 2, 'name': 'planner', 'isAdmin': False, 'isMod': False, 'isPlanner': True, 'createdAt': '2026-03-02T12:45:58.147Z', 'updatedAt': '2026-03-02T12:45:58.147Z'}, 'token': 'eyJhbGciOiJIUzI1NiIsInR5cCI6IkpXVCJ9.eyJpZCI6MiwiaWF0IjoxNzczODI5NDE0LCJleHAiOjE3NzM4NTgyMTR9.ikDqDOioYij740lDJENVJnhznlTpexiH78naUWhGYU8'}, 'message': 'login'}
State sent successfully.
{'data': {'state': 0}, 'message': 'State received'}
Mode: {'data': 'automatic', 'message': 'Get Mode'}
Event: {'message': 'Get Planner event', 'data': {'event': None}}
Planner State: {'message': 'Get Planner State', 'data': {'state': 0}}
Bridge sync: mode=automatic requested_event=None requested_state=0 runtime_state=0 workflow_running=False
Mode: {'data': 'automatic', 'message': 'Get Mode'}
Event: {'message': 'Get Planner event', 'data': {'event': None}}
Planner State: {'message': 'Get Planner State', 'data': {'state': 0}}
Bridge sync: mode=automatic requested_event=None requested_state=0 runtime_state=0 workflow_running=False
Mode: {'data': 'automatic', 'message': 'Get Mode'}
Event: {'message': 'Get Planner event', 'data': {'event': None}}
Planner State: {'message': 'Get Planner State', 'data': {'state': 0}}
Bridge sync: mode=automatic requested_event=None requested_state=0 runtime_state=0 workflow_running=False
Mode: {'data': 'automatic', 'message': 'Get Mode'}
Event: {'message': 'Get Planner event', 'data': {'event': None}}
Planner State: {'message': 'Get Planner State', 'data': {'state': 0}}
Bridge sync: mode=automatic requested_event=None requested_state=0 runtime_state=0 workflow_running=False
Mode: {'data': 'automatic', 'message': 'Get Mode'}
Event: {'message': 'Get Planner event', 'data': {'event': None}}
Planner State: {'message': 'Get Planner State', 'data': {'state': 0}}
Bridge sync: mode=automatic requested_event=None requested_state=0 runtime_state=0 workflow_running=False
Mode: {'data': 'automatic', 'message': 'Get Mode'}
Event: {'message': 'Get Planner event', 'data': {'event': None}}
Planner State: {'message': 'Get Planner State', 'data': {'state': 0}}
Bridge sync: mode=automatic requested_event=None requested_state=0 runtime_state=0 workflow_running=False
Mode: {'data': 'automatic', 'message': 'Get Mode'}
Event: {'message': 'Get Planner event', 'data': {'event': None}}
Planner State: {'message': 'Get Planner State', 'data': {'state': 0}}
Bridge sync: mode=automatic requested_event=None requested_state=0 runtime_state=0 workflow_running=False
Mode: {'data': 'automatic', 'message': 'Get Mode'}
Event: {'message': 'Get Planner event', 'data': {'event': None}}
Planner State: {'message': 'Get Planner State', 'data': {'state': 0}}
Bridge sync: mode=automatic requested_event=None requested_state=0 runtime_state=0 workflow_running=False
Mode: {'data': 'automatic', 'message': 'Get Mode'}
Event: {'message': 'Get Planner event', 'data': {'event': None}}
Planner State: {'message': 'Get Planner State', 'data': {'state': 0}}
Bridge sync: mode=automatic requested_event=None requested_state=0 runtime_state=0 workflow_running=False
Mode: {'data': 'automatic', 'message': 'Get Mode'}
Event: {'message': 'Get Planner event', 'data': {'event': None}}
Planner State: {'message': 'Get Planner State', 'data': {'state': 0}}
Bridge sync: mode=automatic requested_event=None requested_state=0 runtime_state=0 workflow_running=False
Mode: {'data': 'automatic', 'message': 'Get Mode'}
Event: {'message': 'Get Planner event', 'data': {'event': None}}
Planner State: {'message': 'Get Planner State', 'data': {'state': 0}}
Bridge sync: mode=automatic requested_event=None requested_state=0 runtime_state=0 workflow_running=False
Mode: {'data': 'automatic', 'message': 'Get Mode'}
Event: {'message': 'Get Planner event', 'data': {'event': None}}
Planner State: {'message': 'Get Planner State', 'data': {'state': 0}}
Bridge sync: mode=automatic requested_event=None requested_state=0 runtime_state=0 workflow_running=False
Mode: {'data': 'automatic', 'message': 'Get Mode'}
Event: {'message': 'Get Planner event', 'data': {'event': None}}
Planner State: {'message': 'Get Planner State', 'data': {'state': 0}}
Bridge sync: mode=automatic requested_event=None requested_state=0 runtime_state=0 workflow_running=False
Mode: {'data': 'automatic', 'message': 'Get Mode'}
Event: {'message': 'Get Planner event', 'data': {'event': None}}
Planner State: {'message': 'Get Planner State', 'data': {'state': 0}}
Bridge sync: mode=automatic requested_event=None requested_state=0 runtime_state=0 workflow_running=False
Mode: {'data': 'automatic', 'message': 'Get Mode'}
Event: {'message': 'Get Planner event', 'data': {'event': None}}
Planner State: {'message': 'Get Planner State', 'data': {'state': 0}}
Bridge sync: mode=automatic requested_event=None requested_state=0 runtime_state=0 workflow_running=False
Mode: {'data': 'automatic', 'message': 'Get Mode'}
Event: {'message': 'Get Planner event', 'data': {'event': None}}
Planner State: {'message': 'Get Planner State', 'data': {'state': 0}}
Bridge sync: mode=automatic requested_event=None requested_state=0 runtime_state=0 workflow_running=False
Mode: {'data': 'automatic', 'message': 'Get Mode'}
Event: {'message': 'Get Planner event', 'data': {'event': None}}
Planner State: {'message': 'Get Planner State', 'data': {'state': 0}}
Bridge sync: mode=automatic requested_event=None requested_state=0 runtime_state=0 workflow_running=False
Mode: {'data': 'automatic', 'message': 'Get Mode'}
Event: {'message': 'Get Planner event', 'data': {'event': None}}
Planner State: {'message': 'Get Planner State', 'data': {'state': 0}}
Bridge sync: mode=automatic requested_event=None requested_state=0 runtime_state=0 workflow_running=False
Mode: {'data': 'automatic', 'message': 'Get Mode'}
Event: {'message': 'Get Planner event', 'data': {'event': None}}
Planner State: {'message': 'Get Planner State', 'data': {'state': 0}}
Bridge sync: mode=automatic requested_event=None requested_state=0 runtime_state=0 workflow_running=False
Mode: {'data': 'automatic', 'message': 'Get Mode'}
Event: {'message': 'Get Planner event', 'data': {'event': None}}
Planner State: {'message': 'Get Planner State', 'data': {'state': 0}}
Bridge sync: mode=automatic requested_event=None requested_state=0 runtime_state=0 workflow_running=False
Mode: {'data': 'automatic', 'message': 'Get Mode'}
Event: {'message': 'Get Planner event', 'data': {'event': None}}
Planner State: {'message': 'Get Planner State', 'data': {'state': 0}}
Bridge sync: mode=automatic requested_event=None requested_state=0 runtime_state=0 workflow_running=False
Mode: {'data': 'automatic', 'message': 'Get Mode'}
Event: {'message': 'Get Planner event', 'data': {'event': None}}
Planner State: {'message': 'Get Planner State', 'data': {'state': 0}}
Bridge sync: mode=automatic requested_event=None requested_state=0 runtime_state=0 workflow_running=False
Mode: {'data': 'automatic', 'message': 'Get Mode'}
Event: {'message': 'Get Planner event', 'data': {'event': None}}
Planner State: {'message': 'Get Planner State', 'data': {'state': 0}}
Bridge sync: mode=automatic requested_event=None requested_state=0 runtime_state=0 workflow_running=False
Mode: {'data': 'automatic', 'message': 'Get Mode'}
Event: {'message': 'Get Planner event', 'data': {'event': None}}
Planner State: {'message': 'Get Planner State', 'data': {'state': 0}}
Bridge sync: mode=automatic requested_event=None requested_state=0 runtime_state=0 workflow_running=False
Mode: {'data': 'automatic', 'message': 'Get Mode'}
Event: {'message': 'Get Planner event', 'data': {'event': None}}
Planner State: {'message': 'Get Planner State', 'data': {'state': 0}}
Bridge sync: mode=automatic requested_event=None requested_state=0 runtime_state=0 workflow_running=False
Mode: {'data': 'automatic', 'message': 'Get Mode'}
Event: {'message': 'Get Planner event', 'data': {'event': 0}}
Planner State: {'message': 'Get Planner State', 'data': {'state': 3}}
Transient state begin: RESETTING (3), min_hold_s=3.000
State sent successfully.
{'data': {'state': 3}, 'message': 'State received'}
State sent successfully.
{'data': {'state': 3}, 'message': 'State received'}
State sent successfully.
{'data': {'state': 3}, 'message': 'State received'}
State sent successfully.
{'data': {'state': 3}, 'message': 'State received'}
Transient state end: RESETTING held_for_s=3.008
World reset to baseline complete. Backup folder: C:\Users\GoceDimitrieskiUnite\OneDrive - United Robotics Group GmbH\Dokumente\URSim_VIRTUAL-5.24.0.1219432\VM Shared\uGO\uGO-Brain\world\versions\reset_20260318_112403
State sent successfully.
{'data': {'state': 0}, 'message': 'State received'}
State sent successfully.
{'data': {'state': 0}, 'message': 'State received'}
Bridge sync: mode=automatic requested_event=0 requested_state=3 runtime_state=0 workflow_running=False
Mode: {'data': 'automatic', 'message': 'Get Mode'}
Event: {'message': 'Get Planner event', 'data': {'event': 1}}
Planner State: {'message': 'Get Planner State', 'data': {'state': 4}}
Transient state begin: STARTING (4), min_hold_s=3.000
State sent successfully.
{'data': {'state': 4}, 'message': 'State received'}
State sent successfully.
{'data': {'state': 4}, 'message': 'State received'}
State sent successfully.
{'data': {'state': 4}, 'message': 'State received'}
State sent successfully.
{'data': {'state': 4}, 'message': 'State received'}
Transient state end: STARTING held_for_s=3.005
Starting planner workflow: C:\Users\GoceDimitrieskiUnite\AppData\Local\Programs\Python\Python39\python.exe -m workflows.rack_probe_transfer_workflow
State sent successfully.
{'data': {'state': 1}, 'message': 'State received'}
State sent successfully.
{'data': {'state': 1}, 'message': 'State received'}
Bridge sync: mode=automatic requested_event=1 requested_state=4 runtime_state=1 workflow_running=True
Mode: {'data': 'automatic', 'message': 'Get Mode'}
Event: {'message': 'Get Planner event', 'data': {'event': None}}
Planner State: {'message': 'Get Planner State', 'data': {'state': 1}}
Bridge sync: mode=automatic requested_event=None requested_state=1 runtime_state=1 workflow_running=True
Mode: {'data': 'automatic', 'message': 'Get Mode'}
Event: {'message': 'Get Planner event', 'data': {'event': None}}
Planner State: {'message': 'Get Planner State', 'data': {'state': 1}}
Bridge sync: mode=automatic requested_event=None requested_state=1 runtime_state=1 workflow_running=True
Mode: {'data': 'automatic', 'message': 'Get Mode'}
Event: {'message': 'Get Planner event', 'data': {'event': None}}
Planner State: {'message': 'Get Planner State', 'data': {'state': 1}}
Bridge sync: mode=automatic requested_event=None requested_state=1 runtime_state=1 workflow_running=True
Mode: {'data': 'automatic', 'message': 'Get Mode'}
Event: {'message': 'Get Planner event', 'data': {'event': None}}
Planner State: {'message': 'Get Planner State', 'data': {'state': 1}}
Bridge sync: mode=automatic requested_event=None requested_state=1 runtime_state=1 workflow_running=True
Mode: {'data': 'automatic', 'message': 'Get Mode'}
Event: {'message': 'Get Planner event', 'data': {'event': None}}
Planner State: {'message': 'Get Planner State', 'data': {'state': 1}}
Bridge sync: mode=automatic requested_event=None requested_state=1 runtime_state=1 workflow_running=True
Mode: {'data': 'automatic', 'message': 'Get Mode'}
Event: {'message': 'Get Planner event', 'data': {'event': None}}
Planner State: {'message': 'Get Planner State', 'data': {'state': 1}}
Bridge sync: mode=automatic requested_event=None requested_state=1 runtime_state=1 workflow_running=True
Mode: {'data': 'automatic', 'message': 'Get Mode'}
Event: {'message': 'Get Planner event', 'data': {'event': None}}
Planner State: {'message': 'Get Planner State', 'data': {'state': 1}}
Bridge sync: mode=automatic requested_event=None requested_state=1 runtime_state=1 workflow_running=True
Mode: {'data': 'automatic', 'message': 'Get Mode'}
Event: {'message': 'Get Planner event', 'data': {'event': None}}
Planner State: {'message': 'Get Planner State', 'data': {'state': 1}}
Bridge sync: mode=automatic requested_event=None requested_state=1 runtime_state=1 workflow_running=True
Mode: {'data': 'automatic', 'message': 'Get Mode'}
Event: {'message': 'Get Planner event', 'data': {'event': None}}
Planner State: {'message': 'Get Planner State', 'data': {'state': 1}}
Bridge sync: mode=automatic requested_event=None requested_state=1 runtime_state=1 workflow_running=True
Mode: {'data': 'automatic', 'message': 'Get Mode'}
Event: {'message': 'Get Planner event', 'data': {'event': None}}
Planner State: {'message': 'Get Planner State', 'data': {'state': 1}}
Bridge sync: mode=automatic requested_event=None requested_state=1 runtime_state=1 workflow_running=True
Mode: {'data': 'automatic', 'message': 'Get Mode'}
Event: {'message': 'Get Planner event', 'data': {'event': None}}
Planner State: {'message': 'Get Planner State', 'data': {'state': 1}}
Bridge sync: mode=automatic requested_event=None requested_state=1 runtime_state=1 workflow_running=True
Mode: {'data': 'automatic', 'message': 'Get Mode'}
Event: {'message': 'Get Planner event', 'data': {'event': None}}
Planner State: {'message': 'Get Planner State', 'data': {'state': 1}}
Bridge sync: mode=automatic requested_event=None requested_state=1 runtime_state=1 workflow_running=True
Mode: {'data': 'automatic', 'message': 'Get Mode'}
Event: {'message': 'Get Planner event', 'data': {'event': None}}
Planner State: {'message': 'Get Planner State', 'data': {'state': 1}}
Bridge sync: mode=automatic requested_event=None requested_state=1 runtime_state=1 workflow_running=True
Mode: {'data': 'automatic', 'message': 'Get Mode'}
Event: {'message': 'Get Planner event', 'data': {'event': None}}
Planner State: {'message': 'Get Planner State', 'data': {'state': 1}}
Bridge sync: mode=automatic requested_event=None requested_state=1 runtime_state=1 workflow_running=True
Mode: {'data': 'automatic', 'message': 'Get Mode'}
Event: {'message': 'Get Planner event', 'data': {'event': None}}
Planner State: {'message': 'Get Planner State', 'data': {'state': 1}}
Bridge sync: mode=automatic requested_event=None requested_state=1 runtime_state=1 workflow_running=True
Mode: {'data': 'automatic', 'message': 'Get Mode'}
Event: {'message': 'Get Planner event', 'data': {'event': None}}
Planner State: {'message': 'Get Planner State', 'data': {'state': 1}}
Bridge sync: mode=automatic requested_event=None requested_state=1 runtime_state=1 workflow_running=True
Mode: {'data': 'automatic', 'message': 'Get Mode'}
Event: {'message': 'Get Planner event', 'data': {'event': None}}
Planner State: {'message': 'Get Planner State', 'data': {'state': 1}}
Bridge sync: mode=automatic requested_event=None requested_state=1 runtime_state=1 workflow_running=True
Mode: {'data': 'automatic', 'message': 'Get Mode'}
Event: {'message': 'Get Planner event', 'data': {'event': None}}
Planner State: {'message': 'Get Planner State', 'data': {'state': 1}}
Bridge sync: mode=automatic requested_event=None requested_state=1 runtime_state=1 workflow_running=True
Mode: {'data': 'automatic', 'message': 'Get Mode'}
Event: {'message': 'Get Planner event', 'data': {'event': None}}
Planner State: {'message': 'Get Planner State', 'data': {'state': 1}}
Bridge sync: mode=automatic requested_event=None requested_state=1 runtime_state=1 workflow_running=True
Mode: {'data': 'automatic', 'message': 'Get Mode'}
Event: {'message': 'Get Planner event', 'data': {'event': None}}
Planner State: {'message': 'Get Planner State', 'data': {'state': 1}}
Bridge sync: mode=automatic requested_event=None requested_state=1 runtime_state=1 workflow_running=True
Mode: {'data': 'automatic', 'message': 'Get Mode'}
Event: {'message': 'Get Planner event', 'data': {'event': None}}
Planner State: {'message': 'Get Planner State', 'data': {'state': 1}}
Bridge sync: mode=automatic requested_event=None requested_state=1 runtime_state=1 workflow_running=True
Mode: {'data': 'automatic', 'message': 'Get Mode'}
Event: {'message': 'Get Planner event', 'data': {'event': None}}
Planner State: {'message': 'Get Planner State', 'data': {'state': 1}}
Bridge sync: mode=automatic requested_event=None requested_state=1 runtime_state=1 workflow_running=TrueLogin successful.
{'data': {'user': {'id': 2, 'name': 'planner', 'isAdmin': False, 'isMod': False, 'isPlanner': True, 'createdAt': '2026-03-02T12:45:58.147Z', 'updatedAt': '2026-03-02T12:45:58.147Z'}, 'token': 'eyJhbGciOiJIUzI1NiIsInR5cCI6IkpXVCJ9.eyJpZCI6MiwiaWF0IjoxNzczODI5NDQ3LCJleHAiOjE3NzM4NTgyNDd9.1GXTiXI7qkFd-FQuJOfxZbHphbNGv33V8K04QQ30ie4'}, 'message': 'login'}
World resume: restored from C:\Users\GoceDimitrieskiUnite\OneDrive - United Robotics Group GmbH\Dokumente\URSim_VIRTUAL-5.24.0.1219432\VM Shared\uGO\uGO-Brain\world\world_occupancy_trace.jsonl
Trace session: append (world resumed from previous snapshot)
TREE: Status.RUNNING
TREE: Status.RUNNING
Task request successful.
{'data': {'RequestId': '359054bb-4ce6-457e-a444-9ef12bec1643', 'InstrumentId': 'UGO_Node', 'ModuleId': 'UGOClient'}}
Request Status: {'data': {'id': '359054bb-4ce6-457e-a444-9ef12bec1643', 'status': 'PENDING', 'error': 'null', 'outputs': {}}}
Request Status: {'data': {'id': '359054bb-4ce6-457e-a444-9ef12bec1643', 'status': 'EXECUTE', 'error': 'null', 'outputs': {}}}
Request Status: {'data': {'id': '359054bb-4ce6-457e-a444-9ef12bec1643', 'status': 'COMPLETE', 'error': 'null', 'outputs': {'Position': '0', 'Results': 'NavigationComplete'}}}
TREE: Status.RUNNING
Task request successful.
{'data': {'RequestId': '2bc14eb2-ce65-4944-aed7-27233523f834', 'InstrumentId': 'UGO_Node', 'ModuleId': 'UGOClient'}}
Request Status: {'data': {'id': '2bc14eb2-ce65-4944-aed7-27233523f834', 'status': 'PENDING', 'error': 'null', 'outputs': {}}}
Request Status: {'data': {'id': '2bc14eb2-ce65-4944-aed7-27233523f834', 'status': 'EXECUTE', 'error': 'null', 'outputs': {}}}
Request Status: {'data': {'id': '2bc14eb2-ce65-4944-aed7-27233523f834', 'status': 'COMPLETE', 'error': 'null', 'outputs': {'Position': '0', 'Results': 'p[0, 0, 0, 0, 0, 0]'}}}
TREE: Status.RUNNING
Task request successful.
{'data': {'RequestId': '966154f1-5d72-4bb9-9f47-e06fc69d86a6', 'InstrumentId': 'UGO_Node', 'ModuleId': 'UGOClient'}}
Request Status: {'data': {'id': '966154f1-5d72-4bb9-9f47-e06fc69d86a6', 'status': 'PENDING', 'error': 'null', 'outputs': {}}}
Request Status: {'data': {'id': '966154f1-5d72-4bb9-9f47-e06fc69d86a6', 'status': 'EXECUTE', 'error': 'null', 'outputs': {}}}
Request Status: {'data': {'id': '966154f1-5d72-4bb9-9f47-e06fc69d86a6', 'status': 'EXECUTE', 'error': 'null', 'outputs': {'Position': '0', 'Results': ''}}}
Request Status: {'data': {'id': '966154f1-5d72-4bb9-9f47-e06fc69d86a6', 'status': 'COMPLETE', 'error': 'null', 'outputs': {'Position': '0', 'Results': ''}}}
Task request successful.
{'data': {'RequestId': '9096435c-d50e-45be-8d1b-54a1cc488ddc', 'InstrumentId': 'UGO_Node', 'ModuleId': 'UGOClient'}}
Request Status: {'data': {'id': '9096435c-d50e-45be-8d1b-54a1cc488ddc', 'status': 'PENDING', 'error': 'null', 'outputs': {}}}
Request Status: {'data': {'id': '9096435c-d50e-45be-8d1b-54a1cc488ddc', 'status': 'EXECUTE', 'error': 'null', 'outputs': {}}}
Request Status: {'data': {'id': '9096435c-d50e-45be-8d1b-54a1cc488ddc', 'status': 'COMPLETE', 'error': 'null', 'outputs': {'Position': '0', 'Results': ''}}}
TREE: Status.RUNNING
Task request successful.
{'data': {'RequestId': '7507cad0-0cac-420a-9dc4-b37a9c730393', 'InstrumentId': 'UGO_Node', 'ModuleId': 'UGOClient'}}
Request Status: {'data': {'id': '7507cad0-0cac-420a-9dc4-b37a9c730393', 'status': 'PENDING', 'error': 'null', 'outputs': {}}}
Request Status: {'data': {'id': '7507cad0-0cac-420a-9dc4-b37a9c730393', 'status': 'EXECUTE', 'error': 'null', 'outputs': {}}}
Request Status: {'data': {'id': '7507cad0-0cac-420a-9dc4-b37a9c730393', 'status': 'EXECUTE', 'error': 'null', 'outputs': {'Position': '0', 'Results': 'NavigationComplete'}}}
Request Status: {'data': {'id': '7507cad0-0cac-420a-9dc4-b37a9c730393', 'status': 'COMPLETE', 'error': 'null', 'outputs': {'Position': '0', 'Results': 'NavigationComplete'}}}
TREE: Status.RUNNING
Task request successful.
{'data': {'RequestId': 'd77d25b1-b793-4427-a9e3-acf913494e52', 'InstrumentId': 'UGO_Node', 'ModuleId': 'UGOClient'}}
Request Status: {'data': {'id': 'd77d25b1-b793-4427-a9e3-acf913494e52', 'status': 'PENDING', 'error': 'null', 'outputs': {}}}
Request Status: {'data': {'id': 'd77d25b1-b793-4427-a9e3-acf913494e52', 'status': 'EXECUTE', 'error': 'null', 'outputs': {}}}
Request Status: {'data': {'id': 'd77d25b1-b793-4427-a9e3-acf913494e52', 'status': 'COMPLETE', 'error': 'null', 'outputs': {'Position': '0', 'Results': '[1,2]'}}}
TREE: Status.RUNNING
Task request successful.
{'data': {'RequestId': '5624f271-7d88-4963-989b-0e15131c7099', 'InstrumentId': 'UGO_Node', 'ModuleId': 'UGOClient'}}
Request Status: {'data': {'id': '5624f271-7d88-4963-989b-0e15131c7099', 'status': 'PENDING', 'error': 'null', 'outputs': {}}}
Request Status: {'data': {'id': '5624f271-7d88-4963-989b-0e15131c7099', 'status': 'EXECUTE', 'error': 'null', 'outputs': {}}}
Request Status: {'data': {'id': '5624f271-7d88-4963-989b-0e15131c7099', 'status': 'EXECUTE', 'error': 'null', 'outputs': {'Position': '0', 'Results': ''}}}
Request Status: {'data': {'id': '5624f271-7d88-4963-989b-0e15131c7099', 'status': 'COMPLETE', 'error': 'null', 'outputs': {'Position': '0', 'Results': ''}}}
Task request successful.
{'data': {'RequestId': 'ccd25216-10fb-4d6d-9c9a-8bffa1a03278', 'InstrumentId': 'UGO_Node', 'ModuleId': 'UGOClient'}}
Request Status: {'data': {'id': 'ccd25216-10fb-4d6d-9c9a-8bffa1a03278', 'status': 'PENDING', 'error': 'null', 'outputs': {}}}
Request Status: {'data': {'id': 'ccd25216-10fb-4d6d-9c9a-8bffa1a03278', 'status': 'EXECUTE', 'error': 'null', 'outputs': {}}}
Request Status: {'data': {'id': 'ccd25216-10fb-4d6d-9c9a-8bffa1a03278', 'status': 'EXECUTE', 'error': 'null', 'outputs': {'Position': '0', 'Results': ''}}}
Request Status: {'data': {'id': 'ccd25216-10fb-4d6d-9c9a-8bffa1a03278', 'status': 'COMPLETE', 'error': 'null', 'outputs': {'Position': '0', 'Results': ''}}}
Task request successful.
{'data': {'RequestId': 'd0261936-b35b-42af-8c8f-081473670f76', 'InstrumentId': 'UGO_Node', 'ModuleId': 'UGOClient'}}
Request Status: {'data': {'id': 'd0261936-b35b-42af-8c8f-081473670f76', 'status': 'PENDING', 'error': 'null', 'outputs': {}}}
Request Status: {'data': {'id': 'd0261936-b35b-42af-8c8f-081473670f76', 'status': 'EXECUTE', 'error': 'null', 'outputs': {}}}
Request Status: {'data': {'id': 'd0261936-b35b-42af-8c8f-081473670f76', 'status': 'EXECUTE', 'error': 'null', 'outputs': {'Position': '0', 'Results': '01'}}}
Request Status: {'data': {'id': 'd0261936-b35b-42af-8c8f-081473670f76', 'status': 'COMPLETE', 'error': 'null', 'outputs': {'Position': '0', 'Results': '01'}}}
Task request successful.
{'data': {'RequestId': '9b07681b-a2f1-4a1e-a386-f1797673d2c1', 'InstrumentId': 'UGO_Node', 'ModuleId': 'UGOClient'}}
Request Status: {'data': {'id': '9b07681b-a2f1-4a1e-a386-f1797673d2c1', 'status': 'PENDING', 'error': 'null', 'outputs': {}}}
Request Status: {'data': {'id': '9b07681b-a2f1-4a1e-a386-f1797673d2c1', 'status': 'EXECUTE', 'error': 'null', 'outputs': {}}}
Request Status: {'data': {'id': '9b07681b-a2f1-4a1e-a386-f1797673d2c1', 'status': 'COMPLETE', 'error': 'null', 'outputs': {'Position': '0', 'Results': ''}}}
Task request successful.
{'data': {'RequestId': 'd4fe96a8-0f13-4662-b764-c5c520e8852c', 'InstrumentId': 'UGO_Node', 'ModuleId': 'UGOClient'}}
Request Status: {'data': {'id': 'd4fe96a8-0f13-4662-b764-c5c520e8852c', 'status': 'PENDING', 'error': 'null', 'outputs': {}}}
Request Status: {'data': {'id': 'd4fe96a8-0f13-4662-b764-c5c520e8852c', 'status': 'EXECUTE', 'error': 'null', 'outputs': {}}}
Request Status: {'data': {'id': 'd4fe96a8-0f13-4662-b764-c5c520e8852c', 'status': 'EXECUTE', 'error': 'null', 'outputs': {'Position': '0', 'Results': ''}}}
Request Status: {'data': {'id': 'd4fe96a8-0f13-4662-b764-c5c520e8852c', 'status': 'COMPLETE', 'error': 'null', 'outputs': {'Position': '0', 'Results': ''}}}
Task request successful.
{'data': {'RequestId': '88ee4703-d2ee-4439-9075-ba9941ff76cd', 'InstrumentId': 'UGO_Node', 'ModuleId': 'UGOClient'}}
Failed to retrieve task status: 404 Client Error: Not Found for url: http://localhost:8080/api/task/88ee4703-d2ee-4439-9075-ba9941ff76cd
Mode: {'data': 'automatic', 'message': 'Get Mode'}
Event: {'message': 'Get Planner event', 'data': {'event': None}}
Planner State: {'message': 'Get Planner State', 'data': {'state': 1}}
Bridge sync: mode=automatic requested_event=None requested_state=1 runtime_state=1 workflow_running=True
Mode: {'data': 'automatic', 'message': 'Get Mode'}
Event: {'message': 'Get Planner event', 'data': {'event': None}}
Planner State: {'message': 'Get Planner State', 'data': {'state': 1}}
Bridge sync: mode=automatic requested_event=None requested_state=1 runtime_state=1 workflow_running=True
Mode: {'data': 'automatic', 'message': 'Get Mode'}
Event: {'message': 'Get Planner event', 'data': {'event': None}}
Planner State: {'message': 'Get Planner State', 'data': {'state': 1}}
Bridge sync: mode=automatic requested_event=None requested_state=1 runtime_state=1 workflow_running=True
Mode: {'data': 'automatic', 'message': 'Get Mode'}
Event: {'message': 'Get Planner event', 'data': {'event': None}}
Planner State: {'message': 'Get Planner State', 'data': {'state': 1}}
Bridge sync: mode=automatic requested_event=None requested_state=1 runtime_state=1 workflow_running=True
Mode: {'data': 'automatic', 'message': 'Get Mode'}
Event: {'message': 'Get Planner event', 'data': {'event': None}}
Planner State: {'message': 'Get Planner State', 'data': {'state': 1}}
Bridge sync: mode=automatic requested_event=None requested_state=1 runtime_state=1 workflow_running=True
Mode: {'data': 'automatic', 'message': 'Get Mode'}
Event: {'message': 'Get Planner event', 'data': {'event': None}}
Planner State: {'message': 'Get Planner State', 'data': {'state': 1}}
Bridge sync: mode=automatic requested_event=None requested_state=1 runtime_state=1 workflow_running=True
Mode: {'data': 'automatic', 'message': 'Get Mode'}
Event: {'message': 'Get Planner event', 'data': {'event': None}}
Planner State: {'message': 'Get Planner State', 'data': {'state': 1}}
Bridge sync: mode=automatic requested_event=None requested_state=1 runtime_state=1 workflow_running=True
Mode: {'data': 'automatic', 'message': 'Get Mode'}
Event: {'message': 'Get Planner event', 'data': {'event': None}}
Planner State: {'message': 'Get Planner State', 'data': {'state': 1}}
Bridge sync: mode=automatic requested_event=None requested_state=1 runtime_state=1 workflow_running=True
Mode: {'data': 'automatic', 'message': 'Get Mode'}
Event: {'message': 'Get Planner event', 'data': {'event': None}}
Planner State: {'message': 'Get Planner State', 'data': {'state': 1}}
Bridge sync: mode=automatic requested_event=None requested_state=1 runtime_state=1 workflow_running=True
Mode: {'data': 'automatic', 'message': 'Get Mode'}
Event: {'message': 'Get Planner event', 'data': {'event': None}}
Planner State: {'message': 'Get Planner State', 'data': {'state': 1}}
Bridge sync: mode=automatic requested_event=None requested_state=1 runtime_state=1 workflow_running=True
Mode: {'data': 'automatic', 'message': 'Get Mode'}
Event: {'message': 'Get Planner event', 'data': {'event': None}}
Planner State: {'message': 'Get Planner State', 'data': {'state': 1}}
Bridge sync: mode=automatic requested_event=None requested_state=1 runtime_state=1 workflow_running=True
Mode: {'data': 'automatic', 'message': 'Get Mode'}
Event: {'message': 'Get Planner event', 'data': {'event': None}}
Planner State: {'message': 'Get Planner State', 'data': {'state': 1}}
Bridge sync: mode=automatic requested_event=None requested_state=1 runtime_state=1 workflow_running=True
Mode: {'data': 'automatic', 'message': 'Get Mode'}
Event: {'message': 'Get Planner event', 'data': {'event': None}}
Planner State: {'message': 'Get Planner State', 'data': {'state': 1}}
Bridge sync: mode=automatic requested_event=None requested_state=1 runtime_state=1 workflow_running=True
Mode: {'data': 'automatic', 'message': 'Get Mode'}
Event: {'message': 'Get Planner event', 'data': {'event': None}}
Planner State: {'message': 'Get Planner State', 'data': {'state': 1}}
Bridge sync: mode=automatic requested_event=None requested_state=1 runtime_state=1 workflow_running=True
Mode: {'data': 'automatic', 'message': 'Get Mode'}
Event: {'message': 'Get Planner event', 'data': {'event': None}}
Planner State: {'message': 'Get Planner State', 'data': {'state': 1}}
Bridge sync: mode=automatic requested_event=None requested_state=1 runtime_state=1 workflow_running=True
Mode: {'data': 'automatic', 'message': 'Get Mode'}
Event: {'message': 'Get Planner event', 'data': {'event': None}}
Planner State: {'message': 'Get Planner State', 'data': {'state': 1}}
Bridge sync: mode=automatic requested_event=None requested_state=1 runtime_state=1 workflow_running=True
Mode: {'data': 'automatic', 'message': 'Get Mode'}
Event: {'message': 'Get Planner event', 'data': {'event': None}}
Planner State: {'message': 'Get Planner State', 'data': {'state': 1}}
Bridge sync: mode=automatic requested_event=None requested_state=1 runtime_state=1 workflow_running=True
Mode: {'data': 'automatic', 'message': 'Get Mode'}
Event: {'message': 'Get Planner event', 'data': {'event': None}}
Planner State: {'message': 'Get Planner State', 'data': {'state': 1}}
Bridge sync: mode=automatic requested_event=None requested_state=1 runtime_state=1 workflow_running=True
Mode: {'data': 'automatic', 'message': 'Get Mode'}
Event: {'message': 'Get Planner event', 'data': {'event': None}}
Planner State: {'message': 'Get Planner State', 'data': {'state': 1}}
Bridge sync: mode=automatic requested_event=None requested_state=1 runtime_state=1 workflow_running=True
Mode: {'data': 'automatic', 'message': 'Get Mode'}
Event: {'message': 'Get Planner event', 'data': {'event': None}}
Planner State: {'message': 'Get Planner State', 'data': {'state': 1}}
Bridge sync: mode=automatic requested_event=None requested_state=1 runtime_state=1 workflow_running=True
Mode: {'data': 'automatic', 'message': 'Get Mode'}
Event: {'message': 'Get Planner event', 'data': {'event': None}}
Planner State: {'message': 'Get Planner State', 'data': {'state': 1}}
Bridge sync: mode=automatic requested_event=None requested_state=1 runtime_state=1 workflow_running=True
Mode: {'data': 'automatic', 'message': 'Get Mode'}
Event: {'message': 'Get Planner event', 'data': {'event': None}}
Planner State: {'message': 'Get Planner State', 'data': {'state': 1}}
Bridge sync: mode=automatic requested_event=None requested_state=1 runtime_state=1 workflow_running=True
Mode: {'data': 'automatic', 'message': 'Get Mode'}
Event: {'message': 'Get Planner event', 'data': {'event': None}}
Planner State: {'message': 'Get Planner State', 'data': {'state': 1}}
Bridge sync: mode=automatic requested_event=None requested_state=1 runtime_state=1 workflow_running=True
Mode: {'data': 'automatic', 'message': 'Get Mode'}
Event: {'message': 'Get Planner event', 'data': {'event': None}}
Planner State: {'message': 'Get Planner State', 'data': {'state': 1}}
Bridge sync: mode=automatic requested_event=None requested_state=1 runtime_state=1 workflow_running=True
Mode: {'data': 'automatic', 'message': 'Get Mode'}
Event: {'message': 'Get Planner event', 'data': {'event': None}}
Planner State: {'message': 'Get Planner State', 'data': {'state': 1}}
Bridge sync: mode=automatic requested_event=None requested_state=1 runtime_state=1 workflow_running=True
Mode: {'data': 'automatic', 'message': 'Get Mode'}
Event: {'message': 'Get Planner event', 'data': {'event': None}}
Planner State: {'message': 'Get Planner State', 'data': {'state': 1}}
Bridge sync: mode=automatic requested_event=None requested_state=1 runtime_state=1 workflow_running=True
Mode: {'data': 'automatic', 'message': 'Get Mode'}
Event: {'message': 'Get Planner event', 'data': {'event': None}}
Planner State: {'message': 'Get Planner State', 'data': {'state': 1}}
Bridge sync: mode=automatic requested_event=None requested_state=1 runtime_state=1 workflow_running=True
Mode: {'data': 'automatic', 'message': 'Get Mode'}
Event: {'message': 'Get Planner event', 'data': {'event': None}}
Planner State: {'message': 'Get Planner State', 'data': {'state': 1}}
Bridge sync: mode=automatic requested_event=None requested_state=1 runtime_state=1 workflow_running=True
Request Status: {'data': {'id': '88ee4703-d2ee-4439-9075-ba9941ff76cd', 'status': 'EXECUTE', 'error': 'null', 'outputs': {}}}
Request Status: {'data': {'id': '88ee4703-d2ee-4439-9075-ba9941ff76cd', 'status': 'COMPLETE', 'error': 'null', 'outputs': {'Position': '0', 'Results': ''}}}
Task request successful.
{'data': {'RequestId': '463e89c1-715f-40af-ab6d-3f3d082266c4', 'InstrumentId': 'UGO_Node', 'ModuleId': 'UGOClient'}}
Request Status: {'data': {'id': '463e89c1-715f-40af-ab6d-3f3d082266c4', 'status': 'PENDING', 'error': 'null', 'outputs': {}}}
Request Status: {'data': {'id': '463e89c1-715f-40af-ab6d-3f3d082266c4', 'status': 'EXECUTE', 'error': 'null', 'outputs': {}}}
Request Status: {'data': {'id': '463e89c1-715f-40af-ab6d-3f3d082266c4', 'status': 'EXECUTE', 'error': 'null', 'outputs': {'Position': '0', 'Results': ''}}}
Request Status: {'data': {'id': '463e89c1-715f-40af-ab6d-3f3d082266c4', 'status': 'COMPLETE', 'error': 'null', 'outputs': {'Position': '0', 'Results': ''}}}
Task request successful.
{'data': {'RequestId': '1650dada-16c5-4e21-a0a4-a36eba4923a5', 'InstrumentId': 'UGO_Node', 'ModuleId': 'UGOClient'}}
Request Status: {'data': {'id': '1650dada-16c5-4e21-a0a4-a36eba4923a5', 'status': 'PENDING', 'error': 'null', 'outputs': {}}}
Request Status: {'data': {'id': '1650dada-16c5-4e21-a0a4-a36eba4923a5', 'status': 'EXECUTE', 'error': 'null', 'outputs': {}}}
Request Status: {'data': {'id': '1650dada-16c5-4e21-a0a4-a36eba4923a5', 'status': 'COMPLETE', 'error': 'null', 'outputs': {'Position': '0', 'Results': '02'}}}
Task request successful.
{'data': {'RequestId': 'f9072b9c-4d98-4d7b-810e-6dd06614f3a9', 'InstrumentId': 'UGO_Node', 'ModuleId': 'UGOClient'}}
Request Status: {'data': {'id': 'f9072b9c-4d98-4d7b-810e-6dd06614f3a9', 'status': 'PENDING', 'error': 'null', 'outputs': {}}}
Request Status: {'data': {'id': 'f9072b9c-4d98-4d7b-810e-6dd06614f3a9', 'status': 'EXECUTE', 'error': 'null', 'outputs': {}}}
Request Status: {'data': {'id': 'f9072b9c-4d98-4d7b-810e-6dd06614f3a9', 'status': 'EXECUTE', 'error': 'null', 'outputs': {'Position': '0', 'Results': ''}}}
Request Status: {'data': {'id': 'f9072b9c-4d98-4d7b-810e-6dd06614f3a9', 'status': 'COMPLETE', 'error': 'null', 'outputs': {'Position': '0', 'Results': ''}}}
Task request successful.
{'data': {'RequestId': '105a7fdf-ce9e-4960-9edc-65bf1b2cceed', 'InstrumentId': 'UGO_Node', 'ModuleId': 'UGOClient'}}
Request Status: {'data': {'id': '105a7fdf-ce9e-4960-9edc-65bf1b2cceed', 'status': 'PENDING', 'error': 'null', 'outputs': {}}}
Request Status: {'data': {'id': '105a7fdf-ce9e-4960-9edc-65bf1b2cceed', 'status': 'EXECUTE', 'error': 'null', 'outputs': {}}}
Request Status: {'data': {'id': '105a7fdf-ce9e-4960-9edc-65bf1b2cceed', 'status': 'EXECUTE', 'error': 'null', 'outputs': {'Position': '0', 'Results': ''}}}
Request Status: {'data': {'id': '105a7fdf-ce9e-4960-9edc-65bf1b2cceed', 'status': 'COMPLETE', 'error': 'null', 'outputs': {'Position': '0', 'Results': ''}}}
TREE: Status.RUNNING
Task request successful.
{'data': {'RequestId': '00b0a4b5-45f9-4ed3-b8c4-dcadf396d2cd', 'InstrumentId': 'UGO_Node', 'ModuleId': 'UGOClient'}}
Request Status: {'data': {'id': '00b0a4b5-45f9-4ed3-b8c4-dcadf396d2cd', 'status': 'PENDING', 'error': 'null', 'outputs': {}}}
Request Status: {'data': {'id': '00b0a4b5-45f9-4ed3-b8c4-dcadf396d2cd', 'status': 'EXECUTE', 'error': 'null', 'outputs': {}}}
Request Status: {'data': {'id': '00b0a4b5-45f9-4ed3-b8c4-dcadf396d2cd', 'status': 'EXECUTE', 'error': 'null', 'outputs': {'Position': '0', 'Results': 'Devices: (5-COMPLETE; 7-COMPLETE'}}}
Request Status: {'data': {'id': '00b0a4b5-45f9-4ed3-b8c4-dcadf396d2cd', 'status': 'COMPLETE', 'error': 'null', 'outputs': {'Position': '0', 'Results': 'Devices: (5-COMPLETE; 7-COMPLETE'}}}
Task request successful.
{'data': {'RequestId': 'c411d979-42df-4aa6-9a2a-f75b373edc0d', 'InstrumentId': 'UGO_Node', 'ModuleId': 'UGOClient'}}
Request Status: {'data': {'id': 'c411d979-42df-4aa6-9a2a-f75b373edc0d', 'status': 'PENDING', 'error': 'null', 'outputs': {}}}
Request Status: {'data': {'id': 'c411d979-42df-4aa6-9a2a-f75b373edc0d', 'status': 'EXECUTE', 'error': 'null', 'outputs': {}}}
Request Status: {'data': {'id': 'c411d979-42df-4aa6-9a2a-f75b373edc0d', 'status': 'EXECUTE', 'error': 'null', 'outputs': {'Position': '0', 'Results': 'p[0, 0, 0, 0, 0, 0]'}}}
Request Status: {'data': {'id': 'c411d979-42df-4aa6-9a2a-f75b373edc0d', 'status': 'COMPLETE', 'error': 'null', 'outputs': {'Position': '0', 'Results': 'p[0, 0, 0, 0, 0, 0]'}}}
Task request successful.
{'data': {'RequestId': '09f44e13-71bf-4536-b15d-fbf4dee38036', 'InstrumentId': 'UGO_Node', 'ModuleId': 'UGOClient'}}
Request Status: {'data': {'id': '09f44e13-71bf-4536-b15d-fbf4dee38036', 'status': 'PENDING', 'error': 'null', 'outputs': {}}}
Request Status: {'data': {'id': '09f44e13-71bf-4536-b15d-fbf4dee38036', 'status': 'EXECUTE', 'error': 'null', 'outputs': {}}}
Request Status: {'data': {'id': '09f44e13-71bf-4536-b15d-fbf4dee38036', 'status': 'COMPLETE', 'error': 'null', 'outputs': {'Position': '0', 'Results': ''}}}
Task request successful.
{'data': {'RequestId': 'a78f8829-21d9-40a7-a19a-5a1584109e08', 'InstrumentId': 'UGO_Node', 'ModuleId': 'UGOClient'}}
Request Status: {'data': {'id': 'a78f8829-21d9-40a7-a19a-5a1584109e08', 'status': 'PENDING', 'error': 'null', 'outputs': {}}}
Request Status: {'data': {'id': 'a78f8829-21d9-40a7-a19a-5a1584109e08', 'status': 'EXECUTE', 'error': 'null', 'outputs': {}}}
Request Status: {'data': {'id': 'a78f8829-21d9-40a7-a19a-5a1584109e08', 'status': 'COMPLETE', 'error': 'null', 'outputs': {'Position': '0', 'Results': ''}}}
Task request successful.
{'data': {'RequestId': '509d7441-e47e-4ca9-9b51-f22b6004f0c5', 'InstrumentId': 'UGO_Node', 'ModuleId': 'UGOClient'}}
Request Status: {'data': {'id': '509d7441-e47e-4ca9-9b51-f22b6004f0c5', 'status': 'PENDING', 'error': 'null', 'outputs': {}}}
Request Status: {'data': {'id': '509d7441-e47e-4ca9-9b51-f22b6004f0c5', 'status': 'EXECUTE', 'error': 'null', 'outputs': {}}}
Request Status: {'data': {'id': '509d7441-e47e-4ca9-9b51-f22b6004f0c5', 'status': 'EXECUTE', 'error': 'null', 'outputs': {'Position': '0', 'Results': ''}}}
Request Status: {'data': {'id': '509d7441-e47e-4ca9-9b51-f22b6004f0c5', 'status': 'COMPLETE', 'error': 'null', 'outputs': {'Position': '0', 'Results': ''}}}
Task request successful.
{'data': {'RequestId': '83ffdd71-adfa-46b8-8be8-0e15296efcfd', 'InstrumentId': 'UGO_Node', 'ModuleId': 'UGOClient'}}
Request Status: {'data': {'id': '83ffdd71-adfa-46b8-8be8-0e15296efcfd', 'status': 'PENDING', 'error': 'null', 'outputs': {}}}
Request Status: {'data': {'id': '83ffdd71-adfa-46b8-8be8-0e15296efcfd', 'status': 'EXECUTE', 'error': 'null', 'outputs': {}}}
Request Status: {'data': {'id': '83ffdd71-adfa-46b8-8be8-0e15296efcfd', 'status': 'EXECUTE', 'error': 'null', 'outputs': {'Position': '0', 'Results': ''}}}
Request Status: {'data': {'id': '83ffdd71-adfa-46b8-8be8-0e15296efcfd', 'status': 'COMPLETE', 'error': 'null', 'outputs': {'Position': '0', 'Results': ''}}}
Task request successful.
{'data': {'RequestId': 'c24c118b-28b0-443e-a0e4-1b66de46176c', 'InstrumentId': 'UGO_Node', 'ModuleId': 'UGOClient'}}
Request Status: {'data': {'id': 'c24c118b-28b0-443e-a0e4-1b66de46176c', 'status': 'PENDING', 'error': 'null', 'outputs': {}}}
Request Status: {'data': {'id': 'c24c118b-28b0-443e-a0e4-1b66de46176c', 'status': 'EXECUTE', 'error': 'null', 'outputs': {}}}
Request Status: {'data': {'id': 'c24c118b-28b0-443e-a0e4-1b66de46176c', 'status': 'EXECUTE', 'error': 'null', 'outputs': {'Position': '0', 'Results': ''}}}
Request Status: {'data': {'id': 'c24c118b-28b0-443e-a0e4-1b66de46176c', 'status': 'COMPLETE', 'error': 'null', 'outputs': {'Position': '0', 'Results': ''}}}
Task request successful.
{'data': {'RequestId': '0dd6ce82-fb8f-45c9-8007-665a56ab1d21', 'InstrumentId': 'UGO_Node', 'ModuleId': 'UGOClient'}}
Request Status: {'data': {'id': '0dd6ce82-fb8f-45c9-8007-665a56ab1d21', 'status': 'PENDING', 'error': 'null', 'outputs': {}}}
Request Status: {'data': {'id': '0dd6ce82-fb8f-45c9-8007-665a56ab1d21', 'status': 'EXECUTE', 'error': 'null', 'outputs': {}}}
Request Status:
Mode: {'data': 'automatic', 'message': 'Get Mode'}
Event: {'message': 'Get Planner event', 'data': {'event': None}}
Planner State: {'message': 'Get Planner State', 'data': {'state': 1}}
Bridge sync: mode=automatic requested_event=None requested_state=1 runtime_state=1 workflow_running=True
Mode: {'data': 'automatic', 'message': 'Get Mode'}
Event: {'message': 'Get Planner event', 'data': {'event': None}}
Planner State: {'message': 'Get Planner State', 'data': {'state': 1}}
Bridge sync: mode=automatic requested_event=None requested_state=1 runtime_state=1 workflow_running=True
Mode: {'data': 'automatic', 'message': 'Get Mode'}
Event: {'message': 'Get Planner event', 'data': {'event': None}}
Planner State: {'message': 'Get Planner State', 'data': {'state': 1}}
Bridge sync: mode=automatic requested_event=None requested_state=1 runtime_state=1 workflow_running=True
Mode: {'data': 'automatic', 'message': 'Get Mode'}
Event: {'message': 'Get Planner event', 'data': {'event': None}}
Planner State: {'message': 'Get Planner State', 'data': {'state': 1}}
Bridge sync: mode=automatic requested_event=None requested_state=1 runtime_state=1 workflow_running=True
Mode: {'data': 'automatic', 'message': 'Get Mode'}
Event: {'message': 'Get Planner event', 'data': {'event': None}}
Planner State: {'message': 'Get Planner State', 'data': {'state': 1}}
Bridge sync: mode=automatic requested_event=None requested_state=1 runtime_state=1 workflow_running=True
Mode: {'data': 'automatic', 'message': 'Get Mode'}
Event: {'message': 'Get Planner event', 'data': {'event': None}}
Planner State: {'message': 'Get Planner State', 'data': {'state': 1}}
Bridge sync: mode=automatic requested_event=None requested_state=1 runtime_state=1 workflow_running=True
Mode: {'data': 'automatic', 'message': 'Get Mode'}
Event: {'message': 'Get Planner event', 'data': {'event': None}}
Planner State: {'message': 'Get Planner State', 'data': {'state': 1}}
Bridge sync: mode=automatic requested_event=None requested_state=1 runtime_state=1 workflow_running=True
Mode: {'data': 'automatic', 'message': 'Get Mode'}
Event: {'message': 'Get Planner event', 'data': {'event': None}}
Planner State: {'message': 'Get Planner State', 'data': {'state': 1}}
Bridge sync: mode=automatic requested_event=None requested_state=1 runtime_state=1 workflow_running=True
Mode: {'data': 'automatic', 'message': 'Get Mode'}
Event: {'message': 'Get Planner event', 'data': {'event': None}}
Planner State: {'message': 'Get Planner State', 'data': {'state': 1}}
Bridge sync: mode=automatic requested_event=None requested_state=1 runtime_state=1 workflow_running=True
Mode: {'data': 'automatic', 'message': 'Get Mode'}
Event: {'message': 'Get Planner event', 'data': {'event': None}}
Planner State: {'message': 'Get Planner State', 'data': {'state': 1}}
Bridge sync: mode=automatic requested_event=None requested_state=1 runtime_state=1 workflow_running=True
Mode: {'data': 'automatic', 'message': 'Get Mode'}
Event: {'message': 'Get Planner event', 'data': {'event': None}}
Planner State: {'message': 'Get Planner State', 'data': {'state': 1}}
Bridge sync: mode=automatic requested_event=None requested_state=1 runtime_state=1 workflow_running=True
Mode: {'data': 'automatic', 'message': 'Get Mode'}
Event: {'message': 'Get Planner event', 'data': {'event': None}}
Planner State: {'message': 'Get Planner State', 'data': {'state': 1}}
Bridge sync: mode=automatic requested_event=None requested_state=1 runtime_state=1 workflow_running=True
Mode: {'data': 'automatic', 'message': 'Get Mode'}
Event: {'message': 'Get Planner event', 'data': {'event': None}}
Planner State: {'message': 'Get Planner State', 'data': {'state': 1}}
Bridge sync: mode=automatic requested_event=None requested_state=1 runtime_state=1 workflow_running=True
Mode: {'data': 'automatic', 'message': 'Get Mode'}
Event: {'message': 'Get Planner event', 'data': {'event': None}}
Planner State: {'message': 'Get Planner State', 'data': {'state': 1}}
Bridge sync: mode=automatic requested_event=None requested_state=1 runtime_state=1 workflow_running=True
Mode: {'data': 'automatic', 'message': 'Get Mode'}
Event: {'message': 'Get Planner event', 'data': {'event': None}}
Planner State: {'message': 'Get Planner State', 'data': {'state': 1}}
Bridge sync: mode=automatic requested_event=None requested_state=1 runtime_state=1 workflow_running=True
Mode: {'data': 'automatic', 'message': 'Get Mode'}
Event: {'message': 'Get Planner event', 'data': {'event': None}}
Planner State: {'message': 'Get Planner State', 'data': {'state': 1}}
Bridge sync: mode=automatic requested_event=None requested_state=1 runtime_state=1 workflow_running=True
Mode: {'data': 'automatic', 'message': 'Get Mode'}
Event: {'message': 'Get Planner event', 'data': {'event': None}}
Planner State: {'message': 'Get Planner State', 'data': {'state': 1}}
Bridge sync: mode=automatic requested_event=None requested_state=1 runtime_state=1 workflow_running=True
Mode: {'data': 'automatic', 'message': 'Get Mode'}
Event: {'message': 'Get Planner event', 'data': {'event': None}}
Planner State: {'message': 'Get Planner State', 'data': {'state': 1}}
Bridge sync: mode=automatic requested_event=None requested_state=1 runtime_state=1 workflow_running=True
Mode: {'data': 'automatic', 'message': 'Get Mode'}
Event: {'message': 'Get Planner event', 'data': {'event': None}}
Planner State: {'message': 'Get Planner State', 'data': {'state': 1}}
Bridge sync: mode=automatic requested_event=None requested_state=1 runtime_state=1 workflow_running=True
Mode: {'data': 'automatic', 'message': 'Get Mode'}
Event: {'message': 'Get Planner event', 'data': {'event': None}}
Planner State: {'message': 'Get Planner State', 'data': {'state': 1}}
Bridge sync: mode=automatic requested_event=None requested_state=1 runtime_state=1 workflow_running=True
Mode: {'data': 'automatic', 'message': 'Get Mode'}
Event: {'message': 'Get Planner event', 'data': {'event': None}}
Planner State: {'message': 'Get Planner State', 'data': {'state': 1}}
Bridge sync: mode=automatic requested_event=None requested_state=1 runtime_state=1 workflow_running=True
Mode: {'data': 'automatic', 'message': 'Get Mode'}
Event: {'message': 'Get Planner event', 'data': {'event': None}}
Planner State: {'message': 'Get Planner State', 'data': {'state': 1}}
Bridge sync: mode=automatic requested_event=None requested_state=1 runtime_state=1 workflow_running=True
Mode: {'data': 'automatic', 'message': 'Get Mode'}
Event: {'message': 'Get Planner event', 'data': {'event': None}}
Planner State: {'message': 'Get Planner State', 'data': {'state': 1}}
Bridge sync: mode=automatic requested_event=None requested_state=1 runtime_state=1 workflow_running=True
Mode: {'data': 'automatic', 'message': 'Get Mode'}
Event: {'message': 'Get Planner event', 'data': {'event': None}}
Planner State: {'message': 'Get Planner State', 'data': {'state': 1}}
Bridge sync: mode=automatic requested_event=None requested_state=1 runtime_state=1 workflow_running=True
Mode: {'data': 'automatic', 'message': 'Get Mode'}
Event: {'message': 'Get Planner event', 'data': {'event': None}}
Planner State: {'message': 'Get Planner State', 'data': {'state': 1}}
Bridge sync: mode=automatic requested_event=None requested_state=1 runtime_state=1 workflow_running=True
Mode: {'data': 'automatic', 'message': 'Get Mode'}
Event: {'message': 'Get Planner event', 'data': {'event': None}}
Planner State: {'message': 'Get Planner State', 'data': {'state': 1}}
Bridge sync: mode=automatic requested_event=None requested_state=1 runtime_state=1 workflow_running=True
Mode: {'data': 'automatic', 'message': 'Get Mode'}
Event: {'message': 'Get Planner event', 'data': {'event': None}}
Planner State: {'message': 'Get Planner State', 'data': {'state': 1}}
Bridge sync: mode=automatic requested_event=None requested_state=1 runtime_state=1 workflow_running=True
Mode: {'data': 'automatic', 'message': 'Get Mode'}
Event: {'message': 'Get Planner event', 'data': {'event': None}}
Planner State: {'message': 'Get Planner State', 'data': {'state': 1}}
Bridge sync: mode=automatic requested_event=None requested_state=1 runtime_state=1 workflow_running=True {'data': {'id': '0dd6ce82-fb8f-45c9-8007-665a56ab1d21', 'status': 'COMPLETE', 'error': 'null', 'outputs': {'Position': '0', 'Results': ''}}}
Task request successful.
{'data': {'RequestId': '1bb1bd1e-b8ae-4390-9ae1-05d2a128ce43', 'InstrumentId': 'UGO_Node', 'ModuleId': 'UGOClient'}}
Request Status: {'data': {'id': '1bb1bd1e-b8ae-4390-9ae1-05d2a128ce43', 'status': 'PENDING', 'error': 'null', 'outputs': {}}}
Request Status: {'data': {'id': '1bb1bd1e-b8ae-4390-9ae1-05d2a128ce43', 'status': 'EXECUTE', 'error': 'null', 'outputs': {}}}
Request Status: {'data': {'id': '1bb1bd1e-b8ae-4390-9ae1-05d2a128ce43', 'status': 'COMPLETE', 'error': 'null', 'outputs': {'Position': '0', 'Results': ''}}}
Task request successful.
{'data': {'RequestId': 'bbafee2a-5fc2-4db7-9ade-83e498f13a13', 'InstrumentId': 'UGO_Node', 'ModuleId': 'UGOClient'}}
Request Status: {'data': {'id': 'bbafee2a-5fc2-4db7-9ade-83e498f13a13', 'status': 'PENDING', 'error': 'null', 'outputs': {}}}
Request Status: {'data': {'id': 'bbafee2a-5fc2-4db7-9ade-83e498f13a13', 'status': 'EXECUTE', 'error': 'null', 'outputs': {}}}
Request Status: {'data': {'id': 'bbafee2a-5fc2-4db7-9ade-83e498f13a13', 'status': 'EXECUTE', 'error': 'null', 'outputs': {'Position': '0', 'Results': ''}}}
Request Status: {'data': {'id': 'bbafee2a-5fc2-4db7-9ade-83e498f13a13', 'status': 'COMPLETE', 'error': 'null', 'outputs': {'Position': '0', 'Results': ''}}}
CentrifugeCycle runtime device sync rejected (MoveRotorToPos2)
TREE: Status.FAILURE
Final blackboard: {'workflow_mode': 'GETTING_NEW_SAMPLES', 'centrifuge_mode': 'AUTO', 'final_plate_target': None, 'tree_profile': 'planner_getting_new_samples_v1', 'planned_steps': ['await_input_rack_present', 'nav_input', 'scan_input_landmark', 'transfer_input_rack', 'charge', 'camera_inspect_urg_for_new_samples', 'urg_sort_via_3fg_router', 'handoff_to_state_driven_planning'], 'dynamic_process_policies_file': 'C:\\Users\\GoceDimitrieskiUnite\\OneDrive - United Robotics Group GmbH\\Dokumente\\URSim_VIRTUAL-5.24.0.1219432\\VM Shared\\uGO\\uGO-Brain\\planning\\process_policies.json', 'scaffold_steps': ['await_input_rack_present', 'nav_input', 'scan_input_landmark', 'transfer_input_rack', 'charge', 'camera_inspect_urg_for_new_samples', 'urg_sort_via_3fg_router', 'handoff_to_state_driven_planning'], 'last_plan_step': 'handoff_to_state_driven_planning', 'workflow_context_message': 'Executing CentrifugeCycle.LoadRack1.Place', 'workflow_context_ts': '2026-03-18T11:25:15.920+01:00', 'input_rack_id': 'RACK_INPUT_URG_01', 'input_landmark_scanned': True, 'detected_urg_positions': [1, 2], 'detected_sample_ids': ['CAM_0004', 'CAM_0005'], 'routed_sample_ids': ['01', '02'], 'state_driven_planning_requested': True, 'state_driven_planning_handoff_ts': '2026-03-18T11:24:49.978+01:00', 'state_driven_waiting_external_completion': False, 'state_driven_waiting_reason': '', 'device_status_update_raw': 'Devices: (5-COMPLETE; 7-COMPLETE', 'device_status_update_assignments': [{'itm_id': 5, 'packml_state': 'COMPLETE', 'station_id': 'CentrifugeStation', 'device_id': 'CENTRIFUGE_DEVICE_01'}, {'itm_id': 7, 'packml_state': 'COMPLETE', 'station_id': 'BioRadIH500Station', 'device_id': 'BIORAD_IH500_DEVICE_01'}], 'device_status_update_unmapped': [], 'state_driven_plan_next': {'status': 'READY', 'action': {'action_type': 'PROCESS_SAMPLE', 'sample_id': '02', 'process': 'CENTRIFUGATION', 'source_station_id': 'uLMPlateStation', 'source_station_slot_id': 'CentrifugeRacksSlot1', 'source_slot_index': 1, 'target_station_id': 'uLMPlateStation', 'target_station_slot_id': 'CentrifugeRacksSlot1', 'target_slot_index': 1, 'target_jig_id': 2, 'selected_device_id': 'CENTRIFUGE_DEVICE_01', 'notes': 'Sample already staged for next process.'}, 'blocked': [{'sample_id': '01', 'process': 'CLINICAL_CHEMISTRY_ANALYSIS', 'reason': "No device available for process 'CLINICAL_CHEMISTRY_ANALYSIS' (allowed_stations=ANY)"}]}, 'state_driven_plan_status': 'READY', 'state_driven_loop_iterations': 1, 'state_driven_plan_action': {'action_type': 'PROCESS_SAMPLE', 'sample_id': '02', 'process': 'CENTRIFUGATION', 'source_station_id': 'uLMPlateStation', 'source_station_slot_id': 'CentrifugeRacksSlot1', 'source_slot_index': 1, 'target_station_id': 'uLMPlateStation', 'target_station_slot_id': 'CentrifugeRacksSlot1', 'target_slot_index': 1, 'target_jig_id': 2, 'selected_device_id': 'CENTRIFUGE_DEVICE_01', 'notes': 'Sample already staged for next process.'}, 'active_runtime_centrifuge_id': 'CENTRIFUGE_DEVICE_01', 'centrifuge_mode_resolved': 'LOAD'}
Final sample states: {'DUMMY_0001': "RackLocation(station_id='uLMPlateStation', station_slot_id='CentrifugeRacksSlot2', rack_id='RACK_ULM_CENTRIFUGE_02', slot_index=1)", 'DUMMY_0002': "RackLocation(station_id='uLMPlateStation', station_slot_id='CentrifugeRacksSlot3', rack_id='RACK_ULM_CENTRIFUGE_03', slot_index=1)", 'DUMMY_0003': "RackLocation(station_id='uLMPlateStation', station_slot_id='CentrifugeRacksSlot4', rack_id='RACK_ULM_CENTRIFUGE_04', slot_index=1)", '01': "RackLocation(station_id='uLMPlateStation', station_slot_id='IntermediateRackSlot1', rack_id='RACK_ULM_INTERMEDIATE_01', slot_index=1)", '02': "RackLocation(station_id='CentrifugeStation', station_slot_id='CentrifugeRacksSlot1', rack_id='RACK_ULM_CENTRIFUGE_01', slot_index=1)"}
World config loaded from: C:\Users\GoceDimitrieskiUnite\OneDrive - United Robotics Group GmbH\Dokumente\URSim_VIRTUAL-5.24.0.1219432\VM Shared\uGO\uGO-Brain\world\world_config.json
World file backup created: C:\Users\GoceDimitrieskiUnite\OneDrive - United Robotics Group GmbH\Dokumente\URSim_VIRTUAL-5.24.0.1219432\VM Shared\uGO\uGO-Brain\world\versions\world_snapshot.20260318_112527_208.jsonl.bak
Workflow did not complete successfully; execution trace/state transition canonical files were not updated.
WIP trace: C:\Users\GoceDimitrieskiUnite\OneDrive - United Robotics Group GmbH\Dokumente\URSim_VIRTUAL-5.24.0.1219432\VM Shared\uGO\uGO-Brain\tracing\tree_execution_trace.wip.csv
WIP state transitions: C:\Users\GoceDimitrieskiUnite\OneDrive - United Robotics Group GmbH\Dokumente\URSim_VIRTUAL-5.24.0.1219432\VM Shared\uGO\uGO-Brain\tracing\tree_state_changes.wip.csv
Occupancy trace written to C:\Users\GoceDimitrieskiUnite\OneDrive - United Robotics Group GmbH\Dokumente\URSim_VIRTUAL-5.24.0.1219432\VM Shared\uGO\uGO-Brain\world\world_occupancy_trace.csv
Occupancy events written to C:\Users\GoceDimitrieskiUnite\OneDrive - United Robotics Group GmbH\Dokumente\URSim_VIRTUAL-5.24.0.1219432\VM Shared\uGO\uGO-Brain\world\world_occupancy_trace.jsonl
World snapshot written to C:\Users\GoceDimitrieskiUnite\OneDrive - United Robotics Group GmbH\Dokumente\URSim_VIRTUAL-5.24.0.1219432\VM Shared\uGO\uGO-Brain\world\world_snapshot.jsonl
WIP occupancy trace mirror: C:\Users\GoceDimitrieskiUnite\OneDrive - United Robotics Group GmbH\Dokumente\URSim_VIRTUAL-5.24.0.1219432\VM Shared\uGO\uGO-Brain\world\world_occupancy_trace.wip.csv
WIP occupancy events mirror: C:\Users\GoceDimitrieskiUnite\OneDrive - United Robotics Group GmbH\Dokumente\URSim_VIRTUAL-5.24.0.1219432\VM Shared\uGO\uGO-Brain\world\world_occupancy_trace.wip.jsonl
WIP world snapshot mirror: C:\Users\GoceDimitrieskiUnite\OneDrive - United Robotics Group GmbH\Dokumente\URSim_VIRTUAL-5.24.0.1219432\VM Shared\uGO\uGO-Brain\world\world_snapshot.wip.jsonl
