Login successful.
{'data': {'user': {'id': 2, 'name': 'planner', 'isAdmin': False, 'isMod': False, 'isPlanner': True, 'createdAt': '2026-03-02T12:45:58.147Z', 'updatedAt': '2026-03-02T12:45:58.147Z'}, 'token': 'eyJhbGciOiJIUzI1NiIsInR5cCI6IkpXVCJ9.eyJpZCI6MiwiaWF0IjoxNzczNzM5ODMyLCJleHAiOjE3NzM3Njg2MzJ9.XsII20FSI8DyliSFwzcbo7nmE-ft0fONTRFLF5tMs-8'}, 'message': 'login'}
State sent successfully.
{'data': {'state': 0}, 'message': 'State received'}
Mode: {'data': 'automatic', 'message': 'Get Mode'}
Event: {'message': 'Get Planner event', 'data': {'event': None}}
Planner State: {'message': 'Get Planner State', 'data': {'state': 0}}
Bridge sync: mode=automatic requested_event=None requested_state=0 runtime_state=0 workflow_running=False
Mode: {'data': 'automatic', 'message': 'Get Mode'}
Event: {'message': 'Get Planner event', 'data': {'event': None}}
Planner State: {'message': 'Get Planner State', 'data': {'state': 0}}
Bridge sync: mode=automatic requested_event=None requested_state=0 runtime_state=0 workflow_running=False
Mode: {'data': 'automatic', 'message': 'Get Mode'}
Event: {'message': 'Get Planner event', 'data': {'event': None}}
Planner State: {'message': 'Get Planner State', 'data': {'state': 0}}
Bridge sync: mode=automatic requested_event=None requested_state=0 runtime_state=0 workflow_running=False
Mode: {'data': 'automatic', 'message': 'Get Mode'}
Event: {'message': 'Get Planner event', 'data': {'event': None}}
Planner State: {'message': 'Get Planner State', 'data': {'state': 0}}
Bridge sync: mode=automatic requested_event=None requested_state=0 runtime_state=0 workflow_running=False
Mode: {'data': 'automatic', 'message': 'Get Mode'}
Event: {'message': 'Get Planner event', 'data': {'event': None}}
Planner State: {'message': 'Get Planner State', 'data': {'state': 0}}
Bridge sync: mode=automatic requested_event=None requested_state=0 runtime_state=0 workflow_running=False
Mode: {'data': 'automatic', 'message': 'Get Mode'}
Event: {'message': 'Get Planner event', 'data': {'event': None}}
Planner State: {'message': 'Get Planner State', 'data': {'state': 0}}
Bridge sync: mode=automatic requested_event=None requested_state=0 runtime_state=0 workflow_running=False
Mode: {'data': 'automatic', 'message': 'Get Mode'}
Event: {'message': 'Get Planner event', 'data': {'event': None}}
Planner State: {'message': 'Get Planner State', 'data': {'state': 0}}
Bridge sync: mode=automatic requested_event=None requested_state=0 runtime_state=0 workflow_running=False
Mode: {'data': 'automatic', 'message': 'Get Mode'}
Event: {'message': 'Get Planner event', 'data': {'event': None}}
Planner State: {'message': 'Get Planner State', 'data': {'state': 0}}
Bridge sync: mode=automatic requested_event=None requested_state=0 runtime_state=0 workflow_running=False
Mode: {'data': 'automatic', 'message': 'Get Mode'}
Event: {'message': 'Get Planner event', 'data': {'event': None}}
Planner State: {'message': 'Get Planner State', 'data': {'state': 0}}
Bridge sync: mode=automatic requested_event=None requested_state=0 runtime_state=0 workflow_running=False
Mode: {'data': 'automatic', 'message': 'Get Mode'}
Event: {'message': 'Get Planner event', 'data': {'event': None}}
Planner State: {'message': 'Get Planner State', 'data': {'state': 0}}
Bridge sync: mode=automatic requested_event=None requested_state=0 runtime_state=0 workflow_running=False
Mode: {'data': 'automatic', 'message': 'Get Mode'}
Event: {'message': 'Get Planner event', 'data': {'event': None}}
Planner State: {'message': 'Get Planner State', 'data': {'state': 0}}
Bridge sync: mode=automatic requested_event=None requested_state=0 runtime_state=0 workflow_running=False
Mode: {'data': 'automatic', 'message': 'Get Mode'}
Event: {'message': 'Get Planner event', 'data': {'event': None}}
Planner State: {'message': 'Get Planner State', 'data': {'state': 0}}
Bridge sync: mode=automatic requested_event=None requested_state=0 runtime_state=0 workflow_running=False
Mode: {'data': 'automatic', 'message': 'Get Mode'}
Event: {'message': 'Get Planner event', 'data': {'event': None}}
Planner State: {'message': 'Get Planner State', 'data': {'state': 0}}
Bridge sync: mode=automatic requested_event=None requested_state=0 runtime_state=0 workflow_running=False
Mode: {'data': 'automatic', 'message': 'Get Mode'}
Event: {'message': 'Get Planner event', 'data': {'event': 1}}
Planner State: {'message': 'Get Planner State', 'data': {'state': 4}}
State sent successfully.
{'data': {'state': 4}, 'message': 'State received'}
Starting planner workflow: C:\Users\GoceDimitrieskiUnite\AppData\Local\Programs\Python\Python39\python.exe -m workflows.rack_probe_transfer_workflow
Planner workflow process ended with rc=1
State sent successfully.
{'data': {'state': 4}, 'message': 'State received'}
Bridge sync: mode=automatic requested_event=1 requested_state=4 runtime_state=0 workflow_running=False
Mode: {'data': 'automatic', 'message': 'Get Mode'}
Event: {'message': 'Get Planner event', 'data': {'event': None}}
Planner State: {'message': 'Get Planner State', 'data': {'state': 4}}
Bridge sync: mode=automatic requested_event=None requested_state=4 runtime_state=0 workflow_running=False
Mode: {'data': 'automatic', 'message': 'Get Mode'}
Event: {'message': 'Get Planner event', 'data': {'event': None}}
Planner State: {'message': 'Get Planner State', 'data': {'state': 4}}
Bridge sync: mode=automatic requested_event=None requested_state=4 runtime_state=0 workflow_running=False
Mode: {'data': 'automatic', 'message': 'Get Mode'}
Event: {'message': 'Get Planner event', 'data': {'event': None}}
Planner State: {'message': 'Get Planner State', 'data': {'state': 4}}
Bridge sync: mode=automatic requested_event=None requested_state=4 runtime_state=0 workflow_running=False
Mode: {'data': 'automatic', 'message': 'Get Mode'}
Event: {'message': 'Get Planner event', 'data': {'event': None}}
Planner State: {'message': 'Get Planner State', 'data': {'state': 4}}
Bridge sync: mode=automatic requested_event=None requested_state=4 runtime_state=0 workflow_running=False
Mode: {'data': 'automatic', 'message': 'Get Mode'}
Event: {'message': 'Get Planner event', 'data': {'event': None}}
Planner State: {'message': 'Get Planner State', 'data': {'state': 4}}
Bridge sync: mode=automatic requested_event=None requested_state=4 runtime_state=0 workflow_running=False
Mode: {'data': 'automatic', 'message': 'Get Mode'}
Event: {'message': 'Get Planner event', 'data': {'event': None}}
Planner State: {'message': 'Get Planner State', 'data': {'state': 4}}
Bridge sync: mode=automatic requested_event=None requested_state=4 runtime_state=0 workflow_running=False
Mode: {'data': 'automatic', 'message': 'Get Mode'}
Event: {'message': 'Get Planner event', 'data': {'event': None}}
Planner State: {'message': 'Get Planner State', 'data': {'state': 4}}
Bridge sync: mode=automatic requested_event=None requested_state=4 runtime_state=0 workflow_running=False
Mode: {'data': 'automatic', 'message': 'Get Mode'}
Event: {'message': 'Get Planner event', 'data': {'event': None}}
Planner State: {'message': 'Get Planner State', 'data': {'state': 4}}
Bridge sync: mode=automatic requested_event=None requested_state=4 runtime_state=0 workflow_running=False
Mode: {'data': 'automatic', 'message': 'Get Mode'}
Event: {'message': 'Get Planner event', 'data': {'event': None}}
Planner State: {'message': 'Get Planner State', 'data': {'state': 4}}
Bridge sync: mode=automatic requested_event=None requested_state=4 runtime_state=0 workflow_running=False
Mode: {'data': 'automatic', 'message': 'Get Mode'}
Event: {'message': 'Get Planner event', 'data': {'event': None}}
Planner State: {'message': 'Get Planner State', 'data': {'state': 4}}
Bridge sync: mode=automatic requested_event=None requested_state=4 runtime_state=0 workflow_running=False
Mode: {'data': 'automatic', 'message': 'Get Mode'}
Event: {'message': 'Get Planner event', 'data': {'event': None}}
Planner State: {'message': 'Get Planner State', 'data': {'state': 4}}
Bridge sync: mode=automatic requested_event=None requested_state=4 runtime_state=0 workflow_running=False
Mode: {'data': 'automatic', 'message': 'Get Mode'}
Event: {'message': 'Get Planner event', 'data': {'event': None}}
Planner State: {'message': 'Get Planner State', 'data': {'state': 4}}
Bridge sync: mode=automatic requested_event=None requested_state=4 runtime_state=0 workflow_running=False
Mode: {'data': 'automatic', 'message': 'Get Mode'}
Event: {'message': 'Get Planner event', 'data': {'event': None}}
Planner State: {'message': 'Get Planner State', 'data': {'state': 4}}
Bridge sync: mode=automatic requested_event=None requested_state=4 runtime_state=0 workflow_running=False
Mode: {'data': 'automatic', 'message': 'Get Mode'}
Event: {'message': 'Get Planner event', 'data': {'event': None}}
Planner State: {'message': 'Get Planner State', 'data': {'state': 4}}
Bridge sync: mode=automatic requested_event=None requested_state=4 runtime_state=0 workflow_running=False
Mode: {'data': 'automatic', 'message': 'Get Mode'}
Event: {'message': 'Get Planner event', 'data': {'event': None}}
Planner State: {'message': 'Get Planner State', 'data': {'state': 4}}
Bridge sync: mode=automatic requested_event=None requested_state=4 runtime_state=0 workflow_running=False
Mode: {'data': 'automatic', 'message': 'Get Mode'}
Event: {'message': 'Get Planner event', 'data': {'event': None}}
Planner State: {'message': 'Get Planner State', 'data': {'state': 4}}
Bridge sync: mode=automatic requested_event=None requested_state=4 runtime_state=0 workflow_running=False
Mode: {'data': 'automatic', 'message': 'Get Mode'}
Event: {'message': 'Get Planner event', 'data': {'event': None}}
Planner State: {'message': 'Get Planner State', 'data': {'state': 4}}
Bridge sync: mode=automatic requested_event=None requested_state=4 runtime_state=0 workflow_running=False
Mode: {'data': 'automatic', 'message': 'Get Mode'}
Event: {'message': 'Get Planner event', 'data': {'event': None}}
Planner State: {'message': 'Get Planner State', 'data': {'state': 4}}
Bridge sync: mode=automatic requested_event=None requested_state=4 runtime_state=0 workflow_running=False
Mode: {'data': 'automatic', 'message': 'Get Mode'}
Event: {'message': 'Get Planner event', 'data': {'event': None}}
Planner State: {'message': 'Get Planner State', 'data': {'state': 4}}
Bridge sync: mode=automatic requested_event=None requested_state=4 runtime_state=0 workflow_running=False
Mode: {'data': 'automatic', 'message': 'Get Mode'}
Event: {'message': 'Get Planner event', 'data': {'event': None}}
Planner State: {'message': 'Get Planner State', 'data': {'state': 4}}
Bridge sync: mode=automatic requested_event=None requested_state=4 runtime_state=0 workflow_running=False
Mode: {'data': 'automatic', 'message': 'Get Mode'}
Event: {'message': 'Get Planner event', 'data': {'event': None}}
Planner State: {'message': 'Get Planner State', 'data': {'state': 4}}
Bridge sync: mode=automatic requested_event=None requested_state=4 runtime_state=0 workflow_running=False
Mode: {'data': 'automatic', 'message': 'Get Mode'}
Event: {'message': 'Get Planner event', 'data': {'event': None}}
Planner State: {'message': 'Get Planner State', 'data': {'state': 4}}
Bridge sync: mode=automatic requested_event=None requested_state=4 runtime_state=0 workflow_running=False
Mode: {'data': 'automatic', 'message': 'Get Mode'}
Event: {'message': 'Get Planner event', 'data': {'event': None}}
Planner State: {'message': 'Get Planner State', 'data': {'state': 4}}
Bridge sync: mode=automatic requested_event=None requested_state=4 runtime_state=0 workflow_running=False
Mode: {'data': 'automatic', 'message': 'Get Mode'}
Event: {'message': 'Get Planner event', 'data': {'event': None}}
Planner State: {'message': 'Get Planner State', 'data': {'state': 4}}
Bridge sync: mode=automatic requested_event=None requested_state=4 runtime_state=0 workflow_running=False
Mode: {'data': 'automatic', 'message': 'Get Mode'}
Event: {'message': 'Get Planner event', 'data': {'event': None}}
Planner State: {'message': 'Get Planner State', 'data': {'state': 4}}
Bridge sync: mode=automatic requested_event=None requested_state=4 runtime_state=0 workflow_running=False
Mode: {'data': 'automatic', 'message': 'Get Mode'}
Event: {'message': 'Get Planner event', 'data': {'event': None}}
Planner State: {'message': 'Get Planner State', 'data': {'state': 4}}
Bridge sync: mode=automatic requested_event=None requested_state=4 runtime_state=0 workflow_running=False
Mode: {'data': 'automatic', 'message': 'Get Mode'}
Event: {'message': 'Get Planner event', 'data': {'event': None}}
Planner State: {'message': 'Get Planner State', 'data': {'state': 4}}
Bridge sync: mode=automatic requested_event=None requested_state=4 runtime_state=0 workflow_running=False
Mode: {'data': 'automatic', 'message': 'Get Mode'}
Event: {'message': 'Get Planner event', 'data': {'event': None}}
Planner State: {'message': 'Get Planner State', 'data': {'state': 4}}
Bridge sync: mode=automatic requested_event=None requested_state=4 runtime_state=0 workflow_running=False
Mode: {'data': 'automatic', 'message': 'Get Mode'}
Event: {'message': 'Get Planner event', 'data': {'event': None}}
Planner State: {'message': 'Get Planner State', 'data': {'state': 4}}
Bridge sync: mode=automatic requested_event=None requested_state=4 runtime_state=0 workflow_running=False
Mode: {'data': 'automatic', 'message': 'Get Mode'}
Event: {'message': 'Get Planner event', 'data': {'event': None}}
Planner State: {'message': 'Get Planner State', 'data': {'state': 4}}
Bridge sync: mode=automatic requested_event=None requested_state=4 runtime_state=0 workflow_running=False
Mode: {'data': 'automatic', 'message': 'Get Mode'}
Event: {'message': 'Get Planner event', 'data': {'event': None}}
Planner State: {'message': 'Get Planner State', 'data': {'state': 4}}
Bridge sync: mode=automatic requested_event=None requested_state=4 runtime_state=0 workflow_running=False
Mode: {'data': 'automatic', 'message': 'Get Mode'}
Event: {'message': 'Get Planner event', 'data': {'event': None}}
Planner State: {'message': 'Get Planner State', 'data': {'state': 4}}
Bridge sync: mode=automatic requested_event=None requested_state=4 runtime_state=0 workflow_running=False
Mode: {'data': 'automatic', 'message': 'Get Mode'}
Event: {'message': 'Get Planner event', 'data': {'event': None}}
Planner State: {'message': 'Get Planner State', 'data': {'state': 4}}
Bridge sync: mode=automatic requested_event=None requested_state=4 runtime_state=0 workflow_running=False
Mode: {'data': 'automatic', 'message': 'Get Mode'}
Event: {'message': 'Get Planner event', 'data': {'event': None}}
Planner State: {'message': 'Get Planner State', 'data': {'state': 4}}
Bridge sync: mode=automatic requested_event=None requested_state=4 runtime_state=0 workflow_running=False
Mode: {'data': 'automatic', 'message': 'Get Mode'}
Event: {'message': 'Get Planner event', 'data': {'event': None}}
Planner State: {'message': 'Get Planner State', 'data': {'state': 4}}
Bridge sync: mode=automatic requested_event=None requested_state=4 runtime_state=0 workflow_running=False
Mode: {'data': 'automatic', 'message': 'Get Mode'}
Event: {'message': 'Get Planner event', 'data': {'event': None}}
Planner State: {'message': 'Get Planner State', 'data': {'state': 4}}
Bridge sync: mode=automatic requested_event=None requested_state=4 runtime_state=0 workflow_running=False
Mode: {'data': 'automatic', 'message': 'Get Mode'}
Event: {'message': 'Get Planner event', 'data': {'event': None}}
Planner State: {'message': 'Get Planner State', 'data': {'state': 4}}
Bridge sync: mode=automatic requested_event=None requested_state=4 runtime_state=0 workflow_running=False
Mode: {'data': 'automatic', 'message': 'Get Mode'}
Event: {'message': 'Get Planner event', 'data': {'event': None}}
Planner State: {'message': 'Get Planner State', 'data': {'state': 4}}
Bridge sync: mode=automatic requested_event=None requested_state=4 runtime_state=0 workflow_running=False
Mode: {'data': 'automatic', 'message': 'Get Mode'}
Event: {'message': 'Get Planner event', 'data': {'event': None}}
Planner State: {'message': 'Get Planner State', 'data': {'state': 4}}
Bridge sync: mode=automatic requested_event=None requested_state=4 runtime_state=0 workflow_running=False
Mode: {'data': 'automatic', 'message': 'Get Mode'}
Event: {'message': 'Get Planner event', 'data': {'event': None}}
Planner State: {'message': 'Get Planner State', 'data': {'state': 4}}
Bridge sync: mode=automatic requested_event=None requested_state=4 runtime_state=0 workflow_running=False
Mode: {'data': 'automatic', 'message': 'Get Mode'}
Event: {'message': 'Get Planner event', 'data': {'event': None}}
Planner State: {'message': 'Get Planner State', 'data': {'state': 4}}
Bridge sync: mode=automatic requested_event=None requested_state=4 runtime_state=0 workflow_running=False
Mode: {'data': 'automatic', 'message': 'Get Mode'}
Event: {'message': 'Get Planner event', 'data': {'event': None}}
Planner State: {'message': 'Get Planner State', 'data': {'state': 4}}
Bridge sync: mode=automatic requested_event=None requested_state=4 runtime_state=0 workflow_running=False
Mode: {'data': 'automatic', 'message': 'Get Mode'}
Event: {'message': 'Get Planner event', 'data': {'event': None}}
Planner State: {'message': 'Get Planner State', 'data': {'state': 4}}
Bridge sync: mode=automatic requested_event=None requested_state=4 runtime_state=0 workflow_running=False
Mode: {'data': 'automatic', 'message': 'Get Mode'}
Event: {'message': 'Get Planner event', 'data': {'event': None}}
Planner State: {'message': 'Get Planner State', 'data': {'state': 4}}
Bridge sync: mode=automatic requested_event=None requested_state=4 runtime_state=0 workflow_running=False
Mode: {'data': 'automatic', 'message': 'Get Mode'}
Event: {'message': 'Get Planner event', 'data': {'event': None}}
Planner State: {'message': 'Get Planner State', 'data': {'state': 4}}
Bridge sync: mode=automatic requested_event=None requested_state=4 runtime_state=0 workflow_running=False
Mode: {'data': 'automatic', 'message': 'Get Mode'}
Event: {'message': 'Get Planner event', 'data': {'event': None}}
Planner State: {'message': 'Get Planner State', 'data': {'state': 4}}
Bridge sync: mode=automatic requested_event=None requested_state=4 runtime_state=0 workflow_running=False
Mode: {'data': 'automatic', 'message': 'Get Mode'}
Event: {'message': 'Get Planner event', 'data': {'event': None}}
Planner State: {'message': 'Get Planner State', 'data': {'state': 4}}
Bridge sync: mode=automatic requested_event=None requested_state=4 runtime_state=0 workflow_running=False
Mode: {'data': 'automatic', 'message': 'Get Mode'}
Event: {'message': 'Get Planner event', 'data': {'event': None}}
Planner State: {'message': 'Get Planner State', 'data': {'state': 4}}
Bridge sync: mode=automatic requested_event=None requested_state=4 runtime_state=0 workflow_running=False
Mode: {'data': 'automatic', 'message': 'Get Mode'}
Event: {'message': 'Get Planner event', 'data': {'event': None}}
Planner State: {'message': 'Get Planner State', 'data': {'state': 4}}
Bridge sync: mode=automatic requested_event=None requested_state=4 runtime_state=0 workflow_running=False
Mode: {'data': 'automatic', 'message': 'Get Mode'}
Event: {'message': 'Get Planner event', 'data': {'event': None}}
Planner State: {'message': 'Get Planner State', 'data': {'state': 4}}
Bridge sync: mode=automatic requested_event=None requested_state=4 runtime_state=0 workflow_running=False
Mode: {'data': 'automatic', 'message': 'Get Mode'}
Event: {'message': 'Get Planner event', 'data': {'event': None}}
Planner State: {'message': 'Get Planner State', 'data': {'state': 4}}
Bridge sync: mode=automatic requested_event=None requested_state=4 runtime_state=0 workflow_running=False
Mode: {'data': 'automatic', 'message': 'Get Mode'}
Event: {'message': 'Get Planner event', 'data': {'event': None}}
Planner State: {'message': 'Get Planner State', 'data': {'state': 4}}
Bridge sync: mode=automatic requested_event=None requested_state=4 runtime_state=0 workflow_running=False
Mode: {'data': 'automatic', 'message': 'Get Mode'}
Event: {'message': 'Get Planner event', 'data': {'event': None}}
Planner State: {'message': 'Get Planner State', 'data': {'state': 4}}
Bridge sync: mode=automatic requested_event=None requested_state=4 runtime_state=0 workflow_running=False
Mode: {'data': 'automatic', 'message': 'Get Mode'}
Event: {'message': 'Get Planner event', 'data': {'event': None}}
Planner State: {'message': 'Get Planner State', 'data': {'state': 4}}
Bridge sync: mode=automatic requested_event=None requested_state=4 runtime_state=0 workflow_running=False
Mode: {'data': 'automatic', 'message': 'Get Mode'}
Event: {'message': 'Get Planner event', 'data': {'event': None}}
Planner State: {'message': 'Get Planner State', 'data': {'state': 4}}
Bridge sync: mode=automatic requested_event=None requested_state=4 runtime_state=0 workflow_running=False
Mode: {'data': 'automatic', 'message': 'Get Mode'}
Event: {'message': 'Get Planner event', 'data': {'event': None}}
Planner State: {'message': 'Get Planner State', 'data': {'state': 4}}
Bridge sync: mode=automatic requested_event=None requested_state=4 runtime_state=0 workflow_running=False
Mode: {'data': 'automatic', 'message': 'Get Mode'}
Event: {'message': 'Get Planner event', 'data': {'event': None}}
Planner State: {'message': 'Get Planner State', 'data': {'state': 4}}
Bridge sync: mode=automatic requested_event=None requested_state=4 runtime_state=0 workflow_running=False
Mode: {'data': 'automatic', 'message': 'Get Mode'}
Event: {'message': 'Get Planner event', 'data': {'event': None}}
Planner State: {'message': 'Get Planner State', 'data': {'state': 4}}
Bridge sync: mode=automatic requested_event=None requested_state=4 runtime_state=0 workflow_running=False
Mode: {'data': 'automatic', 'message': 'Get Mode'}
Event: {'message': 'Get Planner event', 'data': {'event': None}}
Planner State: {'message': 'Get Planner State', 'data': {'state': 4}}
Bridge sync: mode=automatic requested_event=None requested_state=4 runtime_state=0 workflow_running=False
Mode: {'data': 'automatic', 'message': 'Get Mode'}
Event: {'message': 'Get Planner event', 'data': {'event': None}}
Planner State: {'message': 'Get Planner State', 'data': {'state': 4}}
Bridge sync: mode=automatic requested_event=None requested_state=4 runtime_state=0 workflow_running=False
Mode: {'data': 'automatic', 'message': 'Get Mode'}
Event: {'message': 'Get Planner event', 'data': {'event': None}}
Planner State: {'message': 'Get Planner State', 'data': {'state': 4}}
Bridge sync: mode=automatic requested_event=None requested_state=4 runtime_state=0 workflow_running=False
Mode: {'data': 'automatic', 'message': 'Get Mode'}
Event: {'message': 'Get Planner event', 'data': {'event': None}}
Planner State: {'message': 'Get Planner State', 'data': {'state': 4}}
Bridge sync: mode=automatic requested_event=None requested_state=4 runtime_state=0 workflow_running=False
Mode: {'data': 'automatic', 'message': 'Get Mode'}
Event: {'message': 'Get Planner event', 'data': {'event': None}}
Planner State: {'message': 'Get Planner State', 'data': {'state': 4}}
Bridge sync: mode=automatic requested_event=None requested_state=4 runtime_state=0 workflow_running=False
Mode: {'data': 'automatic', 'message': 'Get Mode'}
Event: {'message': 'Get Planner event', 'data': {'event': None}}
Planner State: {'message': 'Get Planner State', 'data': {'state': 4}}
Bridge sync: mode=automatic requested_event=None requested_state=4 runtime_state=0 workflow_running=False
Mode: {'data': 'automatic', 'message': 'Get Mode'}
Event: {'message': 'Get Planner event', 'data': {'event': None}}
Planner State: {'message': 'Get Planner State', 'data': {'state': 4}}
Bridge sync: mode=automatic requested_event=None requested_state=4 runtime_state=0 workflow_running=False
Mode: {'data': 'automatic', 'message': 'Get Mode'}
Event: {'message': 'Get Planner event', 'data': {'event': None}}
Planner State: {'message': 'Get Planner State', 'data': {'state': 4}}
Bridge sync: mode=automatic requested_event=None requested_state=4 runtime_state=0 workflow_running=False
Mode: {'data': 'automatic', 'message': 'Get Mode'}
Event: {'message': 'Get Planner event', 'data': {'event': None}}
Planner State: {'message': 'Get Planner State', 'data': {'state': 4}}
Bridge sync: mode=automatic requested_event=None requested_state=4 runtime_state=0 workflow_running=False
Mode: {'data': 'automatic', 'message': 'Get Mode'}
Event: {'message': 'Get Planner event', 'data': {'event': None}}
Planner State: {'message': 'Get Planner State', 'data': {'state': 4}}
Bridge sync: mode=automatic requested_event=None requested_state=4 runtime_state=0 workflow_running=False
Mode: {'data': 'automatic', 'message': 'Get Mode'}
Event: {'message': 'Get Planner event', 'data': {'event': None}}
Planner State: {'message': 'Get Planner State', 'data': {'state': 4}}
Bridge sync: mode=automatic requested_event=None requested_state=4 runtime_state=0 workflow_running=False
Mode: {'data': 'automatic', 'message': 'Get Mode'}
Event: {'message': 'Get Planner event', 'data': {'event': None}}
Planner State: {'message': 'Get Planner State', 'data': {'state': 4}}
Bridge sync: mode=automatic requested_event=None requested_state=4 runtime_state=0 workflow_running=False
Mode: {'data': 'automatic', 'message': 'Get Mode'}
Event: {'message': 'Get Planner event', 'data': {'event': None}}
Planner State: {'message': 'Get Planner State', 'data': {'state': 4}}
Bridge sync: mode=automatic requested_event=None requested_state=4 runtime_state=0 workflow_running=False
Mode: {'data': 'automatic', 'message': 'Get Mode'}
Event: {'message': 'Get Planner event', 'data': {'event': None}}
Planner State: {'message': 'Get Planner State', 'data': {'state': 4}}
Bridge sync: mode=automatic requested_event=None requested_state=4 runtime_state=0 workflow_running=False
Mode: {'data': 'automatic', 'message': 'Get Mode'}
Event: {'message': 'Get Planner event', 'data': {'event': None}}
Planner State: {'message': 'Get Planner State', 'data': {'state': 4}}
Bridge sync: mode=automatic requested_event=None requested_state=4 runtime_state=0 workflow_running=False
Mode: {'data': 'automatic', 'message': 'Get Mode'}
Event: {'message': 'Get Planner event', 'data': {'event': None}}
Planner State: {'message': 'Get Planner State', 'data': {'state': 4}}
Bridge sync: mode=automatic requested_event=None requested_state=4 runtime_state=0 workflow_running=False
Mode: {'data': 'automatic', 'message': 'Get Mode'}
Event: {'message': 'Get Planner event', 'data': {'event': None}}
Planner State: {'message': 'Get Planner State', 'data': {'state': 4}}
Bridge sync: mode=automatic requested_event=None requested_state=4 runtime_state=0 workflow_running=False
Mode: {'data': 'automatic', 'message': 'Get Mode'}
Event: {'message': 'Get Planner event', 'data': {'event': None}}
Planner State: {'message': 'Get Planner State', 'data': {'state': 4}}
Bridge sync: mode=automatic requested_event=None requested_state=4 runtime_state=0 workflow_running=False
Mode: {'data': 'automatic', 'message': 'Get Mode'}
Event: {'message': 'Get Planner event', 'data': {'event': None}}
Planner State: {'message': 'Get Planner State', 'data': {'state': 4}}
Bridge sync: mode=automatic requested_event=None requested_state=4 runtime_state=0 workflow_running=False
Mode: {'data': 'automatic', 'message': 'Get Mode'}
Event: {'message': 'Get Planner event', 'data': {'event': None}}
Planner State: {'message': 'Get Planner State', 'data': {'state': 4}}
Bridge sync: mode=automatic requested_event=None requested_state=4 runtime_state=0 workflow_running=False
Mode: {'data': 'automatic', 'message': 'Get Mode'}
Event: {'message': 'Get Planner event', 'data': {'event': None}}
Planner State: {'message': 'Get Planner State', 'data': {'state': 4}}
Bridge sync: mode=automatic requested_event=None requested_state=4 runtime_state=0 workflow_running=False
Mode: {'data': 'automatic', 'message': 'Get Mode'}
Event: {'message': 'Get Planner event', 'data': {'event': None}}
Planner State: {'message': 'Get Planner State', 'data': {'state': 4}}
Bridge sync: mode=automatic requested_event=None requested_state=4 runtime_state=0 workflow_running=False
Mode: {'data': 'automatic', 'message': 'Get Mode'}
Event: {'message': 'Get Planner event', 'data': {'event': None}}
Planner State: {'message': 'Get Planner State', 'data': {'state': 4}}
Bridge sync: mode=automatic requested_event=None requested_state=4 runtime_state=0 workflow_running=False
Mode: {'data': 'automatic', 'message': 'Get Mode'}
Event: {'message': 'Get Planner event', 'data': {'event': None}}
Planner State: {'message': 'Get Planner State', 'data': {'state': 4}}
Bridge sync: mode=automatic requested_event=None requested_state=4 runtime_state=0 workflow_running=False
Mode: {'data': 'automatic', 'message': 'Get Mode'}
Event: {'message': 'Get Planner event', 'data': {'event': None}}
Planner State: {'message': 'Get Planner State', 'data': {'state': 4}}
Bridge sync: mode=automatic requested_event=None requested_state=4 runtime_state=0 workflow_running=False
Mode: {'data': 'automatic', 'message': 'Get Mode'}
Event: {'message': 'Get Planner event', 'data': {'event': None}}
Planner State: {'message': 'Get Planner State', 'data': {'state': 4}}
Bridge sync: mode=automatic requested_event=None requested_state=4 runtime_state=0 workflow_running=False
Mode: {'data': 'automatic', 'message': 'Get Mode'}
Event: {'message': 'Get Planner event', 'data': {'event': None}}
Planner State: {'message': 'Get Planner State', 'data': {'state': 4}}
Bridge sync: mode=automatic requested_event=None requested_state=4 runtime_state=0 workflow_running=False
Mode: {'data': 'automatic', 'message': 'Get Mode'}
Event: {'message': 'Get Planner event', 'data': {'event': None}}
Planner State: {'message': 'Get Planner State', 'data': {'state': 4}}
Bridge sync: mode=automatic requested_event=None requested_state=4 runtime_state=0 workflow_running=False
Mode: {'data': 'automatic', 'message': 'Get Mode'}
Event: {'message': 'Get Planner event', 'data': {'event': None}}
Planner State: {'message': 'Get Planner State', 'data': {'state': 4}}
Bridge sync: mode=automatic requested_event=None requested_state=4 runtime_state=0 workflow_running=False
Mode: {'data': 'automatic', 'message': 'Get Mode'}
Event: {'message': 'Get Planner event', 'data': {'event': None}}
Planner State: {'message': 'Get Planner State', 'data': {'state': 4}}
Bridge sync: mode=automatic requested_event=None requested_state=4 runtime_state=0 workflow_running=False
Mode: {'data': 'automatic', 'message': 'Get Mode'}
Event: {'message': 'Get Planner event', 'data': {'event': None}}
Planner State: {'message': 'Get Planner State', 'data': {'state': 4}}
Bridge sync: mode=automatic requested_event=None requested_state=4 runtime_state=0 workflow_running=False
Mode: {'data': 'automatic', 'message': 'Get Mode'}
Event: {'message': 'Get Planner event', 'data': {'event': None}}
Planner State: {'message': 'Get Planner State', 'data': {'state': 4}}
Bridge sync: mode=automatic requested_event=None requested_state=4 runtime_state=0 workflow_running=False
Mode: {'data': 'automatic', 'message': 'Get Mode'}
Event: {'message': 'Get Planner event', 'data': {'event': None}}
Planner State: {'message': 'Get Planner State', 'data': {'state': 4}}
Bridge sync: mode=automatic requested_event=None requested_state=4 runtime_state=0 workflow_running=False
Mode: {'data': 'automatic', 'message': 'Get Mode'}
Event: {'message': 'Get Planner event', 'data': {'event': None}}
Planner State: {'message': 'Get Planner State', 'data': {'state': 4}}
Bridge sync: mode=automatic requested_event=None requested_state=4 runtime_state=0 workflow_running=False
Mode: {'data': 'automatic', 'message': 'Get Mode'}
Event: {'message': 'Get Planner event', 'data': {'event': None}}
Planner State: {'message': 'Get Planner State', 'data': {'state': 4}}
Bridge sync: mode=automatic requested_event=None requested_state=4 runtime_state=0 workflow_running=False
Mode: {'data': 'automatic', 'message': 'Get Mode'}
Event: {'message': 'Get Planner event', 'data': {'event': None}}
Planner State: {'message': 'Get Planner State', 'data': {'state': 4}}
Bridge sync: mode=automatic requested_event=None requested_state=4 runtime_state=0 workflow_running=False
Mode: {'data': 'automatic', 'message': 'Get Mode'}
Event: {'message': 'Get Planner event', 'data': {'event': None}}
Planner State: {'message': 'Get Planner State', 'data': {'state': 4}}
Bridge sync: mode=automatic requested_event=None requested_state=4 runtime_state=0 workflow_running=False
Mode: {'data': 'automatic', 'message': 'Get Mode'}
Event: {'message': 'Get Planner event', 'data': {'event': None}}
Planner State: {'message': 'Get Planner State', 'data': {'state': 4}}
Bridge sync: mode=automatic requested_event=None requested_state=4 runtime_state=0 workflow_running=False
Mode: {'data': 'automatic', 'message': 'Get Mode'}
Event: {'message': 'Get Planner event', 'data': {'event': None}}
Planner State: {'message': 'Get Planner State', 'data': {'state': 4}}
Bridge sync: mode=automatic requested_event=None requested_state=4 runtime_state=0 workflow_running=False
Mode: {'data': 'automatic', 'message': 'Get Mode'}
Event: {'message': 'Get Planner event', 'data': {'event': None}}
Planner State: {'message': 'Get Planner State', 'data': {'state': 4}}
Bridge sync: mode=automatic requested_event=None requested_state=4 runtime_state=0 workflow_running=False
Mode: {'data': 'automatic', 'message': 'Get Mode'}
Event: {'message': 'Get Planner event', 'data': {'event': None}}
Planner State: {'message': 'Get Planner State', 'data': {'state': 4}}
Bridge sync: mode=automatic requested_event=None requested_state=4 runtime_state=0 workflow_running=False
Mode: {'data': 'automatic', 'message': 'Get Mode'}
Event: {'message': 'Get Planner event', 'data': {'event': None}}
Planner State: {'message': 'Get Planner State', 'data': {'state': 4}}
Bridge sync: mode=automatic requested_event=None requested_state=4 runtime_state=0 workflow_running=False
Mode: {'data': 'automatic', 'message': 'Get Mode'}
Event: {'message': 'Get Planner event', 'data': {'event': None}}
Planner State: {'message': 'Get Planner State', 'data': {'state': 4}}
Bridge sync: mode=automatic requested_event=None requested_state=4 runtime_state=0 workflow_running=False
Mode: {'data': 'automatic', 'message': 'Get Mode'}
Event: {'message': 'Get Planner event', 'data': {'event': None}}
Planner State: {'message': 'Get Planner State', 'data': {'state': 4}}
Bridge sync: mode=automatic requested_event=None requested_state=4 runtime_state=0 workflow_running=False
Mode: {'data': 'automatic', 'message': 'Get Mode'}
Event: {'message': 'Get Planner event', 'data': {'event': None}}
Planner State: {'message': 'Get Planner State', 'data': {'state': 4}}
Bridge sync: mode=automatic requested_event=None requested_state=4 runtime_state=0 workflow_running=False
Mode: {'data': 'automatic', 'message': 'Get Mode'}
Event: {'message': 'Get Planner event', 'data': {'event': None}}
Planner State: {'message': 'Get Planner State', 'data': {'state': 4}}
Bridge sync: mode=automatic requested_event=None requested_state=4 runtime_state=0 workflow_running=False
Mode: {'data': 'automatic', 'message': 'Get Mode'}
Event: {'message': 'Get Planner event', 'data': {'event': None}}
Planner State: {'message': 'Get Planner State', 'data': {'state': 4}}
Bridge sync: mode=automatic requested_event=None requested_state=4 runtime_state=0 workflow_running=False
Mode: {'data': 'automatic', 'message': 'Get Mode'}
Event: {'message': 'Get Planner event', 'data': {'event': None}}
Planner State: {'message': 'Get Planner State', 'data': {'state': 4}}
Bridge sync: mode=automatic requested_event=None requested_state=4 runtime_state=0 workflow_running=False
Mode: {'data': 'automatic', 'message': 'Get Mode'}
Event: {'message': 'Get Planner event', 'data': {'event': None}}
Planner State: {'message': 'Get Planner State', 'data': {'state': 4}}
Bridge sync: mode=automatic requested_event=None requested_state=4 runtime_state=0 workflow_running=False
Mode: {'data': 'automatic', 'message': 'Get Mode'}
Event: {'message': 'Get Planner event', 'data': {'event': None}}
Planner State: {'message': 'Get Planner State', 'data': {'state': 4}}
Bridge sync: mode=automatic requested_event=None requested_state=4 runtime_state=0 workflow_running=False
Mode: {'data': 'automatic', 'message': 'Get Mode'}
Event: {'message': 'Get Planner event', 'data': {'event': None}}
Planner State: {'message': 'Get Planner State', 'data': {'state': 4}}
Bridge sync: mode=automatic requested_event=None requested_state=4 runtime_state=0 workflow_running=False
Mode: {'data': 'automatic', 'message': 'Get Mode'}
Event: {'message': 'Get Planner event', 'data': {'event': None}}
Planner State: {'message': 'Get Planner State', 'data': {'state': 4}}
Bridge sync: mode=automatic requested_event=None requested_state=4 runtime_state=0 workflow_running=False
Mode: {'data': 'automatic', 'message': 'Get Mode'}
Event: {'message': 'Get Planner event', 'data': {'event': None}}
Planner State: {'message': 'Get Planner State', 'data': {'state': 4}}
Bridge sync: mode=automatic requested_event=None requested_state=4 runtime_state=0 workflow_running=False
Mode: {'data': 'automatic', 'message': 'Get Mode'}
Event: {'message': 'Get Planner event', 'data': {'event': None}}
Planner State: {'message': 'Get Planner State', 'data': {'state': 4}}
Bridge sync: mode=automatic requested_event=None requested_state=4 runtime_state=0 workflow_running=False
Mode: {'data': 'automatic', 'message': 'Get Mode'}
Event: {'message': 'Get Planner event', 'data': {'event': None}}
Planner State: {'message': 'Get Planner State', 'data': {'state': 4}}
Bridge sync: mode=automatic requested_event=None requested_state=4 runtime_state=0 workflow_running=False
Mode: {'data': 'automatic', 'message': 'Get Mode'}
Event: {'message': 'Get Planner event', 'data': {'event': None}}
Planner State: {'message': 'Get Planner State', 'data': {'state': 4}}
Bridge sync: mode=automatic requested_event=None requested_state=4 runtime_state=0 workflow_running=False
Mode: {'data': 'automatic', 'message': 'Get Mode'}
Event: {'message': 'Get Planner event', 'data': {'event': None}}
Planner State: {'message': 'Get Planner State', 'data': {'state': 4}}
Bridge sync: mode=automatic requested_event=None requested_state=4 runtime_state=0 workflow_running=False
Mode: {'data': 'automatic', 'message': 'Get Mode'}
Event: {'message': 'Get Planner event', 'data': {'event': None}}
Planner State: {'message': 'Get Planner State', 'data': {'state': 4}}
Bridge sync: mode=automatic requested_event=None requested_state=4 runtime_state=0 workflow_running=False
Mode: {'data': 'automatic', 'message': 'Get Mode'}
Event: {'message': 'Get Planner event', 'data': {'event': None}}
Planner State: {'message': 'Get Planner State', 'data': {'state': 4}}
Bridge sync: mode=automatic requested_event=None requested_state=4 runtime_state=0 workflow_running=False
Mode: {'data': 'automatic', 'message': 'Get Mode'}
Event: {'message': 'Get Planner event', 'data': {'event': None}}
Planner State: {'message': 'Get Planner State', 'data': {'state': 4}}
Bridge sync: mode=automatic requested_event=None requested_state=4 runtime_state=0 workflow_running=False
Mode: {'data': 'automatic', 'message': 'Get Mode'}
Event: {'message': 'Get Planner event', 'data': {'event': None}}
Planner State: {'message': 'Get Planner State', 'data': {'state': 4}}
Bridge sync: mode=automatic requested_event=None requested_state=4 runtime_state=0 workflow_running=False
Mode: {'data': 'automatic', 'message': 'Get Mode'}
Event: {'message': 'Get Planner event', 'data': {'event': None}}
Planner State: {'message': 'Get Planner State', 'data': {'state': 4}}
Bridge sync: mode=automatic requested_event=None requested_state=4 runtime_state=0 workflow_running=False
Mode: {'data': 'automatic', 'message': 'Get Mode'}
Event: {'message': 'Get Planner event', 'data': {'event': None}}
Planner State: {'message': 'Get Planner State', 'data': {'state': 4}}
Bridge sync: mode=automatic requested_event=None requested_state=4 runtime_state=0 workflow_running=False
Mode: {'data': 'automatic', 'message': 'Get Mode'}
Event: {'message': 'Get Planner event', 'data': {'event': None}}
Planner State: {'message': 'Get Planner State', 'data': {'state': 4}}
Bridge sync: mode=automatic requested_event=None requested_state=4 runtime_state=0 workflow_running=False
Mode: {'data': 'automatic', 'message': 'Get Mode'}
Event: {'message': 'Get Planner event', 'data': {'event': None}}
Planner State: {'message': 'Get Planner State', 'data': {'state': 4}}
Bridge sync: mode=automatic requested_event=None requested_state=4 runtime_state=0 workflow_running=False
Mode: {'data': 'automatic', 'message': 'Get Mode'}
Event: {'message': 'Get Planner event', 'data': {'event': None}}
Planner State: {'message': 'Get Planner State', 'data': {'state': 4}}
Bridge sync: mode=automatic requested_event=None requested_state=4 runtime_state=0 workflow_running=False
Mode: {'data': 'automatic', 'message': 'Get Mode'}
Event: {'message': 'Get Planner event', 'data': {'event': None}}
Planner State: {'message': 'Get Planner State', 'data': {'state': 4}}
Bridge sync: mode=automatic requested_event=None requested_state=4 runtime_state=0 workflow_running=False
Mode: {'data': 'automatic', 'message': 'Get Mode'}
Event: {'message': 'Get Planner event', 'data': {'event': None}}
Planner State: {'message': 'Get Planner State', 'data': {'state': 4}}
Bridge sync: mode=automatic requested_event=None requested_state=4 runtime_state=0 workflow_running=False
Mode: {'data': 'automatic', 'message': 'Get Mode'}
Event: {'message': 'Get Planner event', 'data': {'event': None}}
Planner State: {'message': 'Get Planner State', 'data': {'state': 4}}
Bridge sync: mode=automatic requested_event=None requested_state=4 runtime_state=0 workflow_running=False
Mode: {'data': 'automatic', 'message': 'Get Mode'}
Event: {'message': 'Get Planner event', 'data': {'event': None}}
Planner State: {'message': 'Get Planner State', 'data': {'state': 4}}
Bridge sync: mode=automatic requested_event=None requested_state=4 runtime_state=0 workflow_running=False
Mode: {'data': 'automatic', 'message': 'Get Mode'}
Event: {'message': 'Get Planner event', 'data': {'event': None}}
Planner State: {'message': 'Get Planner State', 'data': {'state': 4}}
Bridge sync: mode=automatic requested_event=None requested_state=4 runtime_state=0 workflow_running=False
Mode: {'data': 'automatic', 'message': 'Get Mode'}
Event: {'message': 'Get Planner event', 'data': {'event': None}}
Planner State: {'message': 'Get Planner State', 'data': {'state': 4}}
Bridge sync: mode=automatic requested_event=None requested_state=4 runtime_state=0 workflow_running=False
Mode: {'data': 'automatic', 'message': 'Get Mode'}
Event: {'message': 'Get Planner event', 'data': {'event': None}}
Planner State: {'message': 'Get Planner State', 'data': {'state': 4}}
Bridge sync: mode=automatic requested_event=None requested_state=4 runtime_state=0 workflow_running=False
Mode: {'data': 'automatic', 'message': 'Get Mode'}
Event: {'message': 'Get Planner event', 'data': {'event': None}}
Planner State: {'message': 'Get Planner State', 'data': {'state': 4}}
Bridge sync: mode=automatic requested_event=None requested_state=4 runtime_state=0 workflow_running=False
Mode: {'data': 'automatic', 'message': 'Get Mode'}
Event: {'message': 'Get Planner event', 'data': {'event': None}}
Planner State: {'message': 'Get Planner State', 'data': {'state': 4}}
Bridge sync: mode=automatic requested_event=None requested_state=4 runtime_state=0 workflow_running=False
Mode: {'data': 'automatic', 'message': 'Get Mode'}
Event: {'message': 'Get Planner event', 'data': {'event': None}}
Planner State: {'message': 'Get Planner State', 'data': {'state': 4}}
Bridge sync: mode=automatic requested_event=None requested_state=4 runtime_state=0 workflow_running=False
Mode: {'data': 'automatic', 'message': 'Get Mode'}
Event: {'message': 'Get Planner event', 'data': {'event': None}}
Planner State: {'message': 'Get Planner State', 'data': {'state': 4}}
Bridge sync: mode=automatic requested_event=None requested_state=4 runtime_state=0 workflow_running=False
Mode: {'data': 'automatic', 'message': 'Get Mode'}
Event: {'message': 'Get Planner event', 'data': {'event': None}}
Planner State: {'message': 'Get Planner State', 'data': {'state': 4}}
Bridge sync: mode=automatic requested_event=None requested_state=4 runtime_state=0 workflow_running=False
Mode: {'data': 'automatic', 'message': 'Get Mode'}
Event: {'message': 'Get Planner event', 'data': {'event': None}}
Planner State: {'message': 'Get Planner State', 'data': {'state': 4}}
Bridge sync: mode=automatic requested_event=None requested_state=4 runtime_state=0 workflow_running=False
Mode: {'data': 'automatic', 'message': 'Get Mode'}
Event: {'message': 'Get Planner event', 'data': {'event': None}}
Planner State: {'message': 'Get Planner State', 'data': {'state': 4}}
Bridge sync: mode=automatic requested_event=None requested_state=4 runtime_state=0 workflow_running=False
Mode: {'data': 'automatic', 'message': 'Get Mode'}
Event: {'message': 'Get Planner event', 'data': {'event': None}}
Planner State: {'message': 'Get Planner State', 'data': {'state': 4}}
Bridge sync: mode=automatic requested_event=None requested_state=4 runtime_state=0 workflow_running=False
Mode: {'data': 'automatic', 'message': 'Get Mode'}
Event: {'message': 'Get Planner event', 'data': {'event': None}}
Planner State: {'message': 'Get Planner State', 'data': {'state': 4}}
Bridge sync: mode=automatic requested_event=None requested_state=4 runtime_state=0 workflow_running=False
Mode: {'data': 'automatic', 'message': 'Get Mode'}
Event: {'message': 'Get Planner event', 'data': {'event': None}}
Planner State: {'message': 'Get Planner State', 'data': {'state': 4}}
Bridge sync: mode=automatic requested_event=None requested_state=4 runtime_state=0 workflow_running=False
Mode: {'data': 'automatic', 'message': 'Get Mode'}
Event: {'message': 'Get Planner event', 'data': {'event': None}}
Planner State: {'message': 'Get Planner State', 'data': {'state': 4}}
Bridge sync: mode=automatic requested_event=None requested_state=4 runtime_state=0 workflow_running=False
Mode: {'data': 'automatic', 'message': 'Get Mode'}
Event: {'message': 'Get Planner event', 'data': {'event': None}}
Planner State: {'message': 'Get Planner State', 'data': {'state': 4}}
Bridge sync: mode=automatic requested_event=None requested_state=4 runtime_state=0 workflow_running=False
Mode: {'data': 'automatic', 'message': 'Get Mode'}
Event: {'message': 'Get Planner event', 'data': {'event': None}}
Planner State: {'message': 'Get Planner State', 'data': {'state': 4}}
Bridge sync: mode=automatic requested_event=None requested_state=4 runtime_state=0 workflow_running=False
Mode: {'data': 'automatic', 'message': 'Get Mode'}
Event: {'message': 'Get Planner event', 'data': {'event': None}}
Planner State: {'message': 'Get Planner State', 'data': {'state': 4}}
Bridge sync: mode=automatic requested_event=None requested_state=4 runtime_state=0 workflow_running=False
Mode: {'data': 'automatic', 'message': 'Get Mode'}
Event: {'message': 'Get Planner event', 'data': {'event': None}}
Planner State: {'message': 'Get Planner State', 'data': {'state': 4}}
Bridge sync: mode=automatic requested_event=None requested_state=4 runtime_state=0 workflow_running=False
Mode: {'data': 'automatic', 'message': 'Get Mode'}
Event: {'message': 'Get Planner event', 'data': {'event': None}}
Planner State: {'message': 'Get Planner State', 'data': {'state': 4}}
Bridge sync: mode=automatic requested_event=None requested_state=4 runtime_state=0 workflow_running=False
Mode: {'data': 'automatic', 'message': 'Get Mode'}
Event: {'message': 'Get Planner event', 'data': {'event': None}}
Planner State: {'message': 'Get Planner State', 'data': {'state': 4}}
Bridge sync: mode=automatic requested_event=None requested_state=4 runtime_state=0 workflow_running=False
Mode: {'data': 'automatic', 'message': 'Get Mode'}
Event: {'message': 'Get Planner event', 'data': {'event': None}}
Planner State: {'message': 'Get Planner State', 'data': {'state': 4}}
Bridge sync: mode=automatic requested_event=None requested_state=4 runtime_state=0 workflow_running=False
Mode: {'data': 'automatic', 'message': 'Get Mode'}
Event: {'message': 'Get Planner event', 'data': {'event': None}}
Planner State: {'message': 'Get Planner State', 'data': {'state': 4}}
Bridge sync: mode=automatic requested_event=None requested_state=4 runtime_state=0 workflow_running=False
Mode: {'data': 'automatic', 'message': 'Get Mode'}
Event: {'message': 'Get Planner event', 'data': {'event': None}}
Planner State: {'message': 'Get Planner State', 'data': {'state': 4}}
Bridge sync: mode=automatic requested_event=None requested_state=4 runtime_state=0 workflow_running=False
Mode: {'data': 'automatic', 'message': 'Get Mode'}
Event: {'message': 'Get Planner event', 'data': {'event': None}}
Planner State: {'message': 'Get Planner State', 'data': {'state': 4}}
Bridge sync: mode=automatic requested_event=None requested_state=4 runtime_state=0 workflow_running=False
Mode: {'data': 'automatic', 'message': 'Get Mode'}
Event: {'message': 'Get Planner event', 'data': {'event': 1}}
Planner State: {'message': 'Get Planner State', 'data': {'state': 4}}
State sent successfully.
{'data': {'state': 4}, 'message': 'State received'}
Starting planner workflow: C:\Users\GoceDimitrieskiUnite\AppData\Local\Programs\Python\Python39\python.exe -m workflows.rack_probe_transfer_workflow
Planner workflow process ended with rc=1
State sent successfully.
{'data': {'state': 4}, 'message': 'State received'}
Bridge sync: mode=automatic requested_event=1 requested_state=4 runtime_state=0 workflow_running=False
Mode: {'data': 'automatic', 'message': 'Get Mode'}
Event: {'message': 'Get Planner event', 'data': {'event': None}}
Planner State: {'message': 'Get Planner State', 'data': {'state': 4}}
Bridge sync: mode=automatic requested_event=None requested_state=4 runtime_state=0 workflow_running=False
Mode: {'data': 'automatic', 'message': 'Get Mode'}
Event: {'message': 'Get Planner event', 'data': {'event': None}}
Planner State: {'message': 'Get Planner State', 'data': {'state': 4}}
Bridge sync: mode=automatic requested_event=None requested_state=4 runtime_state=0 workflow_running=False
Mode: {'data': 'automatic', 'message': 'Get Mode'}
Event: {'message': 'Get Planner event', 'data': {'event': None}}
Planner State: {'message': 'Get Planner State', 'data': {'state': 4}}
Bridge sync: mode=automatic requested_event=None requested_state=4 runtime_state=0 workflow_running=False
Mode: {'data': 'automatic', 'message': 'Get Mode'}
Event: {'message': 'Get Planner event', 'data': {'event': None}}
Planner State: {'message': 'Get Planner State', 'data': {'state': 4}}
Bridge sync: mode=automatic requested_event=None requested_state=4 runtime_state=0 workflow_running=False
Mode: {'data': 'automatic', 'message': 'Get Mode'}
Event: {'message': 'Get Planner event', 'data': {'event': None}}
Planner State: {'message': 'Get Planner State', 'data': {'state': 4}}
Bridge sync: mode=automatic requested_event=None requested_state=4 runtime_state=0 workflow_running=False
Mode: {'data': 'automatic', 'message': 'Get Mode'}
Event: {'message': 'Get Planner event', 'data': {'event': None}}
Planner State: {'message': 'Get Planner State', 'data': {'state': 4}}
Bridge sync: mode=automatic requested_event=None requested_state=4 runtime_state=0 workflow_running=False
Mode: {'data': 'automatic', 'message': 'Get Mode'}
Event: {'message': 'Get Planner event', 'data': {'event': None}}
Planner State: {'message': 'Get Planner State', 'data': {'state': 4}}
Bridge sync: mode=automatic requested_event=None requested_state=4 runtime_state=0 workflow_running=False
Mode: {'data': 'automatic', 'message': 'Get Mode'}
Event: {'message': 'Get Planner event', 'data': {'event': 2}}
Planner State: {'message': 'Get Planner State', 'data': {'state': 2}}
Bridge sync: mode=automatic requested_event=2 requested_state=2 runtime_state=0 workflow_running=False
Mode: {'data': 'automatic', 'message': 'Get Mode'}
Event: {'message': 'Get Planner event', 'data': {'event': None}}
Planner State: {'message': 'Get Planner State', 'data': {'state': 2}}
Bridge sync: mode=automatic requested_event=None requested_state=2 runtime_state=0 workflow_running=False
Mode: {'data': 'automatic', 'message': 'Get Mode'}
Event: {'message': 'Get Planner event', 'data': {'event': None}}
Planner State: {'message': 'Get Planner State', 'data': {'state': 2}}
Bridge sync: mode=automatic requested_event=None requested_state=2 runtime_state=0 workflow_running=False
Mode: {'data': 'automatic', 'message': 'Get Mode'}
Event: {'message': 'Get Planner event', 'data': {'event': None}}
Planner State: {'message': 'Get Planner State', 'data': {'state': 2}}
Bridge sync: mode=automatic requested_event=None requested_state=2 runtime_state=0 workflow_running=False
Mode: {'data': 'automatic', 'message': 'Get Mode'}
Event: {'message': 'Get Planner event', 'data': {'event': None}}
Planner State: {'message': 'Get Planner State', 'data': {'state': 2}}
Bridge sync: mode=automatic requested_event=None requested_state=2 runtime_state=0 workflow_running=False
Mode: {'data': 'automatic', 'message': 'Get Mode'}
Event: {'message': 'Get Planner event', 'data': {'event': None}}
Planner State: {'message': 'Get Planner State', 'data': {'state': 2}}
Bridge sync: mode=automatic requested_event=None requested_state=2 runtime_state=0 workflow_running=False
Mode: {'data': 'automatic', 'message': 'Get Mode'}
Event: {'message': 'Get Planner event', 'data': {'event': None}}
Planner State: {'message': 'Get Planner State', 'data': {'state': 2}}
Bridge sync: mode=automatic requested_event=None requested_state=2 runtime_state=0 workflow_running=False
Mode: {'data': 'automatic', 'message': 'Get Mode'}
Event: {'message': 'Get Planner event', 'data': {'event': None}}
Planner State: {'message': 'Get Planner State', 'data': {'state': 2}}
Bridge sync: mode=automatic requested_event=None requested_state=2 runtime_state=0 workflow_running=False
Mode: {'data': 'automatic', 'message': 'Get Mode'}
Event: {'message': 'Get Planner event', 'data': {'event': None}}
Planner State: {'message': 'Get Planner State', 'data': {'state': 2}}
Bridge sync: mode=automatic requested_event=None requested_state=2 runtime_state=0 workflow_running=False
Mode: {'data': 'automatic', 'message': 'Get Mode'}
Event: {'message': 'Get Planner event', 'data': {'event': None}}
Planner State: {'message': 'Get Planner State', 'data': {'state': 2}}
Bridge sync: mode=automatic requested_event=None requested_state=2 runtime_state=0 workflow_running=False
Mode: {'data': 'automatic', 'message': 'Get Mode'}
Event: {'message': 'Get Planner event', 'data': {'event': None}}
Planner State: {'message': 'Get Planner State', 'data': {'state': 2}}
Bridge sync: mode=automatic requested_event=None requested_state=2 runtime_state=0 workflow_running=False
Mode: {'data': 'automatic', 'message': 'Get Mode'}
Event: {'message': 'Get Planner event', 'data': {'event': None}}
Planner State: {'message': 'Get Planner State', 'data': {'state': 2}}
Bridge sync: mode=automatic requested_event=None requested_state=2 runtime_state=0 workflow_running=False
Mode: {'data': 'automatic', 'message': 'Get Mode'}
Event: {'message': 'Get Planner event', 'data': {'event': None}}
Planner State: {'message': 'Get Planner State', 'data': {'state': 2}}
Bridge sync: mode=automatic requested_event=None requested_state=2 runtime_state=0 workflow_running=False
Mode: {'data': 'automatic', 'message': 'Get Mode'}
Event: {'message': 'Get Planner event', 'data': {'event': None}}
Planner State: {'message': 'Get Planner State', 'data': {'state': 2}}
Bridge sync: mode=automatic requested_event=None requested_state=2 runtime_state=0 workflow_running=False
Mode: {'data': 'automatic', 'message': 'Get Mode'}
Event: {'message': 'Get Planner event', 'data': {'event': None}}
Planner State: {'message': 'Get Planner State', 'data': {'state': 2}}
Bridge sync: mode=automatic requested_event=None requested_state=2 runtime_state=0 workflow_running=False
Mode: {'data': 'automatic', 'message': 'Get Mode'}
Event: {'message': 'Get Planner event', 'data': {'event': None}}
Planner State: {'message': 'Get Planner State', 'data': {'state': 2}}
Bridge sync: mode=automatic requested_event=None requested_state=2 runtime_state=0 workflow_running=False
Mode: {'data': 'automatic', 'message': 'Get Mode'}
Event: {'message': 'Get Planner event', 'data': {'event': None}}
Planner State: {'message': 'Get Planner State', 'data': {'state': 2}}
Bridge sync: mode=automatic requested_event=None requested_state=2 runtime_state=0 workflow_running=False
Mode: {'data': 'automatic', 'message': 'Get Mode'}
Event: {'message': 'Get Planner event', 'data': {'event': None}}
Planner State: {'message': 'Get Planner State', 'data': {'state': 2}}
Bridge sync: mode=automatic requested_event=None requested_state=2 runtime_state=0 workflow_running=False
Mode: {'data': 'automatic', 'message': 'Get Mode'}
Event: {'message': 'Get Planner event', 'data': {'event': None}}
Planner State: {'message': 'Get Planner State', 'data': {'state': 2}}
Bridge sync: mode=automatic requested_event=None requested_state=2 runtime_state=0 workflow_running=False
Mode: {'data': 'automatic', 'message': 'Get Mode'}
Event: {'message': 'Get Planner event', 'data': {'event': None}}
Planner State: {'message': 'Get Planner State', 'data': {'state': 2}}
Bridge sync: mode=automatic requested_event=None requested_state=2 runtime_state=0 workflow_running=False
Mode: {'data': 'automatic', 'message': 'Get Mode'}
Event: {'message': 'Get Planner event', 'data': {'event': None}}
Planner State: {'message': 'Get Planner State', 'data': {'state': 2}}
Bridge sync: mode=automatic requested_event=None requested_state=2 runtime_state=0 workflow_running=False
Mode: {'data': 'automatic', 'message': 'Get Mode'}
Event: {'message': 'Get Planner event', 'data': {'event': None}}
Planner State: {'message': 'Get Planner State', 'data': {'state': 2}}
Bridge sync: mode=automatic requested_event=None requested_state=2 runtime_state=0 workflow_running=False
Mode: {'data': 'automatic', 'message': 'Get Mode'}
Event: {'message': 'Get Planner event', 'data': {'event': None}}
Planner State: {'message': 'Get Planner State', 'data': {'state': 2}}
Bridge sync: mode=automatic requested_event=None requested_state=2 runtime_state=0 workflow_running=False
Mode: {'data': 'automatic', 'message': 'Get Mode'}
Event: {'message': 'Get Planner event', 'data': {'event': None}}
Planner State: {'message': 'Get Planner State', 'data': {'state': 2}}
Bridge sync: mode=automatic requested_event=None requested_state=2 runtime_state=0 workflow_running=False
Mode: {'data': 'automatic', 'message': 'Get Mode'}
Event: {'message': 'Get Planner event', 'data': {'event': None}}
Planner State: {'message': 'Get Planner State', 'data': {'state': 2}}
Bridge sync: mode=automatic requested_event=None requested_state=2 runtime_state=0 workflow_running=False
Mode: {'data': 'automatic', 'message': 'Get Mode'}
Event: {'message': 'Get Planner event', 'data': {'event': None}}
Planner State: {'message': 'Get Planner State', 'data': {'state': 2}}
Bridge sync: mode=automatic requested_event=None requested_state=2 runtime_state=0 workflow_running=False
Mode: {'data': 'automatic', 'message': 'Get Mode'}
Event: {'message': 'Get Planner event', 'data': {'event': None}}
Planner State: {'message': 'Get Planner State', 'data': {'state': 2}}
Bridge sync: mode=automatic requested_event=None requested_state=2 runtime_state=0 workflow_running=False
Mode: {'data': 'automatic', 'message': 'Get Mode'}
Event: {'message': 'Get Planner event', 'data': {'event': None}}
Planner State: {'message': 'Get Planner State', 'data': {'state': 2}}
Bridge sync: mode=automatic requested_event=None requested_state=2 runtime_state=0 workflow_running=False
Mode: {'data': 'automatic', 'message': 'Get Mode'}
Event: {'message': 'Get Planner event', 'data': {'event': None}}
Planner State: {'message': 'Get Planner State', 'data': {'state': 2}}
Bridge sync: mode=automatic requested_event=None requested_state=2 runtime_state=0 workflow_running=False
Mode: {'data': 'automatic', 'message': 'Get Mode'}
Event: {'message': 'Get Planner event', 'data': {'event': None}}
Planner State: {'message': 'Get Planner State', 'data': {'state': 2}}
Bridge sync: mode=automatic requested_event=None requested_state=2 runtime_state=0 workflow_running=False
Mode: {'data': 'automatic', 'message': 'Get Mode'}
Event: {'message': 'Get Planner event', 'data': {'event': None}}
Planner State: {'message': 'Get Planner State', 'data': {'state': 2}}
Bridge sync: mode=automatic requested_event=None requested_state=2 runtime_state=0 workflow_running=False
Mode: {'data': 'automatic', 'message': 'Get Mode'}
Event: {'message': 'Get Planner event', 'data': {'event': None}}
Planner State: {'message': 'Get Planner State', 'data': {'state': 2}}
Bridge sync: mode=automatic requested_event=None requested_state=2 runtime_state=0 workflow_running=False
Mode: {'data': 'automatic', 'message': 'Get Mode'}
Event: {'message': 'Get Planner event', 'data': {'event': None}}
Planner State: {'message': 'Get Planner State', 'data': {'state': 2}}
Bridge sync: mode=automatic requested_event=None requested_state=2 runtime_state=0 workflow_running=False
Mode: {'data': 'automatic', 'message': 'Get Mode'}
Event: {'message': 'Get Planner event', 'data': {'event': None}}
Planner State: {'message': 'Get Planner State', 'data': {'state': 2}}
Bridge sync: mode=automatic requested_event=None requested_state=2 runtime_state=0 workflow_running=False
Mode: {'data': 'automatic', 'message': 'Get Mode'}
Event: {'message': 'Get Planner event', 'data': {'event': None}}
Planner State: {'message': 'Get Planner State', 'data': {'state': 2}}
Bridge sync: mode=automatic requested_event=None requested_state=2 runtime_state=0 workflow_running=False
Mode: {'data': 'automatic', 'message': 'Get Mode'}
Event: {'message': 'Get Planner event', 'data': {'event': None}}
Planner State: {'message': 'Get Planner State', 'data': {'state': 2}}
Bridge sync: mode=automatic requested_event=None requested_state=2 runtime_state=0 workflow_running=False
Mode: {'data': 'automatic', 'message': 'Get Mode'}
Event: {'message': 'Get Planner event', 'data': {'event': None}}
Planner State: {'message': 'Get Planner State', 'data': {'state': 2}}
Bridge sync: mode=automatic requested_event=None requested_state=2 runtime_state=0 workflow_running=False
Mode: {'data': 'automatic', 'message': 'Get Mode'}
Event: {'message': 'Get Planner event', 'data': {'event': None}}
Planner State: {'message': 'Get Planner State', 'data': {'state': 2}}
Bridge sync: mode=automatic requested_event=None requested_state=2 runtime_state=0 workflow_running=False
Mode: {'data': 'automatic', 'message': 'Get Mode'}
Event: {'message': 'Get Planner event', 'data': {'event': None}}
Planner State: {'message': 'Get Planner State', 'data': {'state': 2}}
Bridge sync: mode=automatic requested_event=None requested_state=2 runtime_state=0 workflow_running=False
Mode: {'data': 'automatic', 'message': 'Get Mode'}
Event: {'message': 'Get Planner event', 'data': {'event': None}}
Planner State: {'message': 'Get Planner State', 'data': {'state': 2}}
Bridge sync: mode=automatic requested_event=None requested_state=2 runtime_state=0 workflow_running=False
Mode: {'data': 'automatic', 'message': 'Get Mode'}
Event: {'message': 'Get Planner event', 'data': {'event': None}}
Planner State: {'message': 'Get Planner State', 'data': {'state': 2}}
Bridge sync: mode=automatic requested_event=None requested_state=2 runtime_state=0 workflow_running=False
Mode: {'data': 'automatic', 'message': 'Get Mode'}
Event: {'message': 'Get Planner event', 'data': {'event': None}}
Planner State: {'message': 'Get Planner State', 'data': {'state': 2}}
Bridge sync: mode=automatic requested_event=None requested_state=2 runtime_state=0 workflow_running=False
Mode: {'data': 'automatic', 'message': 'Get Mode'}
Event: {'message': 'Get Planner event', 'data': {'event': None}}
Planner State: {'message': 'Get Planner State', 'data': {'state': 2}}
Bridge sync: mode=automatic requested_event=None requested_state=2 runtime_state=0 workflow_running=False
Mode: {'data': 'automatic', 'message': 'Get Mode'}
Event: {'message': 'Get Planner event', 'data': {'event': None}}
Planner State: {'message': 'Get Planner State', 'data': {'state': 2}}
Bridge sync: mode=automatic requested_event=None requested_state=2 runtime_state=0 workflow_running=False
Mode: {'data': 'automatic', 'message': 'Get Mode'}
Event: {'message': 'Get Planner event', 'data': {'event': None}}
Planner State: {'message': 'Get Planner State', 'data': {'state': 2}}
Bridge sync: mode=automatic requested_event=None requested_state=2 runtime_state=0 workflow_running=False
Mode: {'data': 'automatic', 'message': 'Get Mode'}
Event: {'message': 'Get Planner event', 'data': {'event': None}}
Planner State: {'message': 'Get Planner State', 'data': {'state': 2}}
Bridge sync: mode=automatic requested_event=None requested_state=2 runtime_state=0 workflow_running=False
Mode: {'data': 'automatic', 'message': 'Get Mode'}
Event: {'message': 'Get Planner event', 'data': {'event': None}}
Planner State: {'message': 'Get Planner State', 'data': {'state': 2}}
Bridge sync: mode=automatic requested_event=None requested_state=2 runtime_state=0 workflow_running=False
Mode: {'data': 'automatic', 'message': 'Get Mode'}
Event: {'message': 'Get Planner event', 'data': {'event': None}}
Planner State: {'message': 'Get Planner State', 'data': {'state': 2}}
Bridge sync: mode=automatic requested_event=None requested_state=2 runtime_state=0 workflow_running=False
Mode: {'data': 'automatic', 'message': 'Get Mode'}
Event: {'message': 'Get Planner event', 'data': {'event': None}}
Planner State: {'message': 'Get Planner State', 'data': {'state': 2}}
Bridge sync: mode=automatic requested_event=None requested_state=2 runtime_state=0 workflow_running=False
Mode: {'data': 'automatic', 'message': 'Get Mode'}
Event: {'message': 'Get Planner event', 'data': {'event': None}}
Planner State: {'message': 'Get Planner State', 'data': {'state': 2}}
Bridge sync: mode=automatic requested_event=None requested_state=2 runtime_state=0 workflow_running=False
Mode: {'data': 'automatic', 'message': 'Get Mode'}
Event: {'message': 'Get Planner event', 'data': {'event': None}}
Planner State: {'message': 'Get Planner State', 'data': {'state': 2}}
Bridge sync: mode=automatic requested_event=None requested_state=2 runtime_state=0 workflow_running=False
Mode: {'data': 'automatic', 'message': 'Get Mode'}
Event: {'message': 'Get Planner event', 'data': {'event': None}}
Planner State: {'message': 'Get Planner State', 'data': {'state': 2}}
Bridge sync: mode=automatic requested_event=None requested_state=2 runtime_state=0 workflow_running=False
Mode: {'data': 'automatic', 'message': 'Get Mode'}
Event: {'message': 'Get Planner event', 'data': {'event': None}}
Planner State: {'message': 'Get Planner State', 'data': {'state': 2}}
Bridge sync: mode=automatic requested_event=None requested_state=2 runtime_state=0 workflow_running=False
Mode: {'data': 'automatic', 'message': 'Get Mode'}
Event: {'message': 'Get Planner event', 'data': {'event': None}}
Planner State: {'message': 'Get Planner State', 'data': {'state': 2}}
Bridge sync: mode=automatic requested_event=None requested_state=2 runtime_state=0 workflow_running=False
Mode: {'data': 'automatic', 'message': 'Get Mode'}
Event: {'message': 'Get Planner event', 'data': {'event': None}}
Planner State: {'message': 'Get Planner State', 'data': {'state': 2}}
Bridge sync: mode=automatic requested_event=None requested_state=2 runtime_state=0 workflow_running=False
Mode: {'data': 'automatic', 'message': 'Get Mode'}
Event: {'message': 'Get Planner event', 'data': {'event': None}}
Planner State: {'message': 'Get Planner State', 'data': {'state': 2}}
Bridge sync: mode=automatic requested_event=None requested_state=2 runtime_state=0 workflow_running=False
Mode: {'data': 'automatic', 'message': 'Get Mode'}
Event: {'message': 'Get Planner event', 'data': {'event': None}}
Planner State: {'message': 'Get Planner State', 'data': {'state': 2}}
Bridge sync: mode=automatic requested_event=None requested_state=2 runtime_state=0 workflow_running=False
Mode: {'data': 'automatic', 'message': 'Get Mode'}
Event: {'message': 'Get Planner event', 'data': {'event': None}}
Planner State: {'message': 'Get Planner State', 'data': {'state': 2}}
Bridge sync: mode=automatic requested_event=None requested_state=2 runtime_state=0 workflow_running=False
Mode: {'data': 'automatic', 'message': 'Get Mode'}
Event: {'message': 'Get Planner event', 'data': {'event': None}}
Planner State: {'message': 'Get Planner State', 'data': {'state': 2}}
Bridge sync: mode=automatic requested_event=None requested_state=2 runtime_state=0 workflow_running=False
Mode: {'data': 'automatic', 'message': 'Get Mode'}
Event: {'message': 'Get Planner event', 'data': {'event': None}}
Planner State: {'message': 'Get Planner State', 'data': {'state': 2}}
Bridge sync: mode=automatic requested_event=None requested_state=2 runtime_state=0 workflow_running=False
Mode: {'data': 'automatic', 'message': 'Get Mode'}
Event: {'message': 'Get Planner event', 'data': {'event': None}}
Planner State: {'message': 'Get Planner State', 'data': {'state': 2}}
Bridge sync: mode=automatic requested_event=None requested_state=2 runtime_state=0 workflow_running=False
Mode: {'data': 'automatic', 'message': 'Get Mode'}
Event: {'message': 'Get Planner event', 'data': {'event': None}}
Planner State: {'message': 'Get Planner State', 'data': {'state': 2}}
Bridge sync: mode=automatic requested_event=None requested_state=2 runtime_state=0 workflow_running=False
Mode: {'data': 'automatic', 'message': 'Get Mode'}
Event: {'message': 'Get Planner event', 'data': {'event': None}}
Planner State: {'message': 'Get Planner State', 'data': {'state': 2}}
Bridge sync: mode=automatic requested_event=None requested_state=2 runtime_state=0 workflow_running=False
Mode: {'data': 'automatic', 'message': 'Get Mode'}
Event: {'message': 'Get Planner event', 'data': {'event': None}}
Planner State: {'message': 'Get Planner State', 'data': {'state': 2}}
Bridge sync: mode=automatic requested_event=None requested_state=2 runtime_state=0 workflow_running=False
Mode: {'data': 'automatic', 'message': 'Get Mode'}
Event: {'message': 'Get Planner event', 'data': {'event': None}}
Planner State: {'message': 'Get Planner State', 'data': {'state': 2}}
Bridge sync: mode=automatic requested_event=None requested_state=2 runtime_state=0 workflow_running=False
Mode: {'data': 'automatic', 'message': 'Get Mode'}
Event: {'message': 'Get Planner event', 'data': {'event': None}}
Planner State: {'message': 'Get Planner State', 'data': {'state': 2}}
Bridge sync: mode=automatic requested_event=None requested_state=2 runtime_state=0 workflow_running=False
