Login successful.
{'data': {'user': {'id': 2, 'name': 'planner', 'isAdmin': False, 'isMod': False, 'isPlanner': True, 'createdAt': '2026-03-02T12:45:58.147Z', 'updatedAt': '2026-03-02T12:45:58.147Z'}, 'token': 'eyJhbGciOiJIUzI1NiIsInR5cCI6IkpXVCJ9.eyJpZCI6MiwiaWF0IjoxNzczNzQyNDEwLCJleHAiOjE3NzM3NzEyMTB9.5NWj0tnigtRVohDEicvWMi00p5ieNTG8NGNZBG2juQ4'}, 'message': 'login'}
State sent successfully.
{'data': {'state': 0}, 'message': 'State received'}
Mode: {'data': 'automatic', 'message': 'Get Mode'}
Event: {'message': 'Get Planner event', 'data': {'event': None}}
Planner State: {'message': 'Get Planner State', 'data': {'state': 0}}
Bridge sync: mode=automatic requested_event=None requested_state=0 runtime_state=0 workflow_running=False
Mode: {'data': 'automatic', 'message': 'Get Mode'}
Event: {'message': 'Get Planner event', 'data': {'event': None}}
Planner State: {'message': 'Get Planner State', 'data': {'state': 0}}
Bridge sync: mode=automatic requested_event=None requested_state=0 runtime_state=0 workflow_running=False
Mode: {'data': 'automatic', 'message': 'Get Mode'}
Event: {'message': 'Get Planner event', 'data': {'event': None}}
Planner State: {'message': 'Get Planner State', 'data': {'state': 0}}
Bridge sync: mode=automatic requested_event=None requested_state=0 runtime_state=0 workflow_running=False
Mode: {'data': 'automatic', 'message': 'Get Mode'}
Event: {'message': 'Get Planner event', 'data': {'event': None}}
Planner State: {'message': 'Get Planner State', 'data': {'state': 0}}
Bridge sync: mode=automatic requested_event=None requested_state=0 runtime_state=0 workflow_running=False
Mode: {'data': 'automatic', 'message': 'Get Mode'}
Event: {'message': 'Get Planner event', 'data': {'event': None}}
Planner State: {'message': 'Get Planner State', 'data': {'state': 0}}
Bridge sync: mode=automatic requested_event=None requested_state=0 runtime_state=0 workflow_running=False
Mode: {'data': 'automatic', 'message': 'Get Mode'}
Event: {'message': 'Get Planner event', 'data': {'event': None}}
Planner State: {'message': 'Get Planner State', 'data': {'state': 0}}
Bridge sync: mode=automatic requested_event=None requested_state=0 runtime_state=0 workflow_running=False
Mode: {'data': 'automatic', 'message': 'Get Mode'}
Event: {'message': 'Get Planner event', 'data': {'event': None}}
Planner State: {'message': 'Get Planner State', 'data': {'state': 0}}
Bridge sync: mode=automatic requested_event=None requested_state=0 runtime_state=0 workflow_running=False
Mode: {'data': 'automatic', 'message': 'Get Mode'}
Event: {'message': 'Get Planner event', 'data': {'event': None}}
Planner State: {'message': 'Get Planner State', 'data': {'state': 0}}
Bridge sync: mode=automatic requested_event=None requested_state=0 runtime_state=0 workflow_running=False
Mode: {'data': 'automatic', 'message': 'Get Mode'}
Event: {'message': 'Get Planner event', 'data': {'event': None}}
Planner State: {'message': 'Get Planner State', 'data': {'state': 0}}
Bridge sync: mode=automatic requested_event=None requested_state=0 runtime_state=0 workflow_running=False
Mode: {'data': 'automatic', 'message': 'Get Mode'}
Event: {'message': 'Get Planner event', 'data': {'event': None}}
Planner State: {'message': 'Get Planner State', 'data': {'state': 0}}
Bridge sync: mode=automatic requested_event=None requested_state=0 runtime_state=0 workflow_running=False
Mode: {'data': 'automatic', 'message': 'Get Mode'}
Event: {'message': 'Get Planner event', 'data': {'event': None}}
Planner State: {'message': 'Get Planner State', 'data': {'state': 0}}
Bridge sync: mode=automatic requested_event=None requested_state=0 runtime_state=0 workflow_running=False
Mode: {'data': 'automatic', 'message': 'Get Mode'}
Event: {'message': 'Get Planner event', 'data': {'event': None}}
Planner State: {'message': 'Get Planner State', 'data': {'state': 0}}
Bridge sync: mode=automatic requested_event=None requested_state=0 runtime_state=0 workflow_running=False
Mode: {'data': 'automatic', 'message': 'Get Mode'}
Event: {'message': 'Get Planner event', 'data': {'event': None}}
Planner State: {'message': 'Get Planner State', 'data': {'state': 0}}
Bridge sync: mode=automatic requested_event=None requested_state=0 runtime_state=0 workflow_running=False
Mode: {'data': 'automatic', 'message': 'Get Mode'}
Event: {'message': 'Get Planner event', 'data': {'event': None}}
Planner State: {'message': 'Get Planner State', 'data': {'state': 0}}
Bridge sync: mode=automatic requested_event=None requested_state=0 runtime_state=0 workflow_running=False
Mode: {'data': 'automatic', 'message': 'Get Mode'}
Event: {'message': 'Get Planner event', 'data': {'event': None}}
Planner State: {'message': 'Get Planner State', 'data': {'state': 0}}
Bridge sync: mode=automatic requested_event=None requested_state=0 runtime_state=0 workflow_running=False
Mode: {'data': 'automatic', 'message': 'Get Mode'}
Event: {'message': 'Get Planner event', 'data': {'event': None}}
Planner State: {'message': 'Get Planner State', 'data': {'state': 0}}
Bridge sync: mode=automatic requested_event=None requested_state=0 runtime_state=0 workflow_running=False
Mode: {'data': 'automatic', 'message': 'Get Mode'}
Event: {'message': 'Get Planner event', 'data': {'event': None}}
Planner State: {'message': 'Get Planner State', 'data': {'state': 0}}
Bridge sync: mode=automatic requested_event=None requested_state=0 runtime_state=0 workflow_running=False
Mode: {'data': 'automatic', 'message': 'Get Mode'}
Event: {'message': 'Get Planner event', 'data': {'event': None}}
Planner State: {'message': 'Get Planner State', 'data': {'state': 0}}
Bridge sync: mode=automatic requested_event=None requested_state=0 runtime_state=0 workflow_running=False
Mode: {'data': 'automatic', 'message': 'Get Mode'}
Event: {'message': 'Get Planner event', 'data': {'event': None}}
Planner State: {'message': 'Get Planner State', 'data': {'state': 1}}
State sent successfully.
{'data': {'state': 0}, 'message': 'State received'}
Bridge sync: mode=automatic requested_event=None requested_state=1 runtime_state=0 workflow_running=False
Mode: {'data': 'automatic', 'message': 'Get Mode'}
Event: {'message': 'Get Planner event', 'data': {'event': None}}
Planner State: {'message': 'Get Planner State', 'data': {'state': 1}}
State sent successfully.
{'data': {'state': 0}, 'message': 'State received'}
Bridge sync: mode=automatic requested_event=None requested_state=1 runtime_state=0 workflow_running=False
Mode: {'data': 'automatic', 'message': 'Get Mode'}
Event: {'message': 'Get Planner event', 'data': {'event': None}}
Planner State: {'message': 'Get Planner State', 'data': {'state': 1}}
State sent successfully.
{'data': {'state': 0}, 'message': 'State received'}
Bridge sync: mode=automatic requested_event=None requested_state=1 runtime_state=0 workflow_running=False
Mode: {'data': 'automatic', 'message': 'Get Mode'}
Event: {'message': 'Get Planner event', 'data': {'event': None}}
Planner State: {'message': 'Get Planner State', 'data': {'state': 0}}
Bridge sync: mode=automatic requested_event=None requested_state=0 runtime_state=0 workflow_running=False
Mode: {'data': 'automatic', 'message': 'Get Mode'}
Event: {'message': 'Get Planner event', 'data': {'event': None}}
Planner State: {'message': 'Get Planner State', 'data': {'state': 0}}
Bridge sync: mode=automatic requested_event=None requested_state=0 runtime_state=0 workflow_running=False
Mode: {'data': 'automatic', 'message': 'Get Mode'}
Event: {'message': 'Get Planner event', 'data': {'event': None}}
Planner State: {'message': 'Get Planner State', 'data': {'state': 0}}
Bridge sync: mode=automatic requested_event=None requested_state=0 runtime_state=0 workflow_running=False
Mode: {'data': 'automatic', 'message': 'Get Mode'}
Event: {'message': 'Get Planner event', 'data': {'event': None}}
Planner State: {'message': 'Get Planner State', 'data': {'state': 0}}
Bridge sync: mode=automatic requested_event=None requested_state=0 runtime_state=0 workflow_running=False
Mode: {'data': 'automatic', 'message': 'Get Mode'}
Event: {'message': 'Get Planner event', 'data': {'event': None}}
Planner State: {'message': 'Get Planner State', 'data': {'state': 0}}
Bridge sync: mode=automatic requested_event=None requested_state=0 runtime_state=0 workflow_running=False
Mode: {'data': 'automatic', 'message': 'Get Mode'}
Event: {'message': 'Get Planner event', 'data': {'event': None}}
Planner State: {'message': 'Get Planner State', 'data': {'state': 0}}
Bridge sync: mode=automatic requested_event=None requested_state=0 runtime_state=0 workflow_running=False
Mode: {'data': 'automatic', 'message': 'Get Mode'}
Event: {'message': 'Get Planner event', 'data': {'event': None}}
Planner State: {'message': 'Get Planner State', 'data': {'state': 0}}
Bridge sync: mode=automatic requested_event=None requested_state=0 runtime_state=0 workflow_running=False
Mode: {'data': 'automatic', 'message': 'Get Mode'}
Event: {'message': 'Get Planner event', 'data': {'event': None}}
Planner State: {'message': 'Get Planner State', 'data': {'state': 0}}
Bridge sync: mode=automatic requested_event=None requested_state=0 runtime_state=0 workflow_running=False
Mode: {'data': 'automatic', 'message': 'Get Mode'}
Event: {'message': 'Get Planner event', 'data': {'event': None}}
Planner State: {'message': 'Get Planner State', 'data': {'state': 0}}
Bridge sync: mode=automatic requested_event=None requested_state=0 runtime_state=0 workflow_running=False
Mode: {'data': 'automatic', 'message': 'Get Mode'}
Event: {'message': 'Get Planner event', 'data': {'event': None}}
Planner State: {'message': 'Get Planner State', 'data': {'state': 0}}
Bridge sync: mode=automatic requested_event=None requested_state=0 runtime_state=0 workflow_running=False
Mode: {'data': 'automatic', 'message': 'Get Mode'}
Event: {'message': 'Get Planner event', 'data': {'event': None}}
Planner State: {'message': 'Get Planner State', 'data': {'state': 0}}
Bridge sync: mode=automatic requested_event=None requested_state=0 runtime_state=0 workflow_running=False
Mode: {'data': 'automatic', 'message': 'Get Mode'}
Event: {'message': 'Get Planner event', 'data': {'event': None}}
Planner State: {'message': 'Get Planner State', 'data': {'state': 0}}
Bridge sync: mode=automatic requested_event=None requested_state=0 runtime_state=0 workflow_running=False
Mode: {'data': 'automatic', 'message': 'Get Mode'}
Event: {'message': 'Get Planner event', 'data': {'event': None}}
Planner State: {'message': 'Get Planner State', 'data': {'state': 0}}
Bridge sync: mode=automatic requested_event=None requested_state=0 runtime_state=0 workflow_running=False
Mode: {'data': 'automatic', 'message': 'Get Mode'}
Event: {'message': 'Get Planner event', 'data': {'event': None}}
Planner State: {'message': 'Get Planner State', 'data': {'state': 0}}
Bridge sync: mode=automatic requested_event=None requested_state=0 runtime_state=0 workflow_running=False
Mode: {'data': 'automatic', 'message': 'Get Mode'}
Event: {'message': 'Get Planner event', 'data': {'event': None}}
Planner State: {'message': 'Get Planner State', 'data': {'state': 0}}
Bridge sync: mode=automatic requested_event=None requested_state=0 runtime_state=0 workflow_running=False
Mode: {'data': 'automatic', 'message': 'Get Mode'}
Event: {'message': 'Get Planner event', 'data': {'event': None}}
Planner State: {'message': 'Get Planner State', 'data': {'state': 0}}
Bridge sync: mode=automatic requested_event=None requested_state=0 runtime_state=0 workflow_running=False
Mode: {'data': 'automatic', 'message': 'Get Mode'}
Event: {'message': 'Get Planner event', 'data': {'event': None}}
Planner State: {'message': 'Get Planner State', 'data': {'state': 0}}
Bridge sync: mode=automatic requested_event=None requested_state=0 runtime_state=0 workflow_running=False
Mode: {'data': 'automatic', 'message': 'Get Mode'}
Event: {'message': 'Get Planner event', 'data': {'event': None}}
Planner State: {'message': 'Get Planner State', 'data': {'state': 0}}
Bridge sync: mode=automatic requested_event=None requested_state=0 runtime_state=0 workflow_running=False
Mode: {'data': 'automatic', 'message': 'Get Mode'}
Event: {'message': 'Get Planner event', 'data': {'event': None}}
Planner State: {'message': 'Get Planner State', 'data': {'state': 4}}
Starting planner workflow: C:\Users\GoceDimitrieskiUnite\AppData\Local\Programs\Python\Python39\python.exe -m workflows.rack_probe_transfer_workflow
State sent successfully.
{'data': {'state': 1}, 'message': 'State received'}
State sent successfully.
{'data': {'state': 1}, 'message': 'State received'}
Bridge sync: mode=automatic requested_event=None requested_state=4 runtime_state=1 workflow_running=True
Mode: {'data': 'automatic', 'message': 'Get Mode'}
Event: {'message': 'Get Planner event', 'data': {'event': None}}
Planner State: {'message': 'Get Planner State', 'data': {'state': 1}}
Bridge sync: mode=automatic requested_event=None requested_state=1 runtime_state=1 workflow_running=True
Mode: {'data': 'automatic', 'message': 'Get Mode'}
Event: {'message': 'Get Planner event', 'data': {'event': None}}
Planner State: {'message': 'Get Planner State', 'data': {'state': 1}}
Bridge sync: mode=automatic requested_event=None requested_state=1 runtime_state=1 workflow_running=True
Mode: {'data': 'automatic', 'message': 'Get Mode'}
Event: {'message': 'Get Planner event', 'data': {'event': None}}
Planner State: {'message': 'Get Planner State', 'data': {'state': 1}}
Bridge sync: mode=automatic requested_event=None requested_state=1 runtime_state=1 workflow_running=True
Mode: {'data': 'automatic', 'message': 'Get Mode'}
Event: {'message': 'Get Planner event', 'data': {'event': None}}
Planner State: {'message': 'Get Planner State', 'data': {'state': 1}}
Bridge sync: mode=automatic requested_event=None requested_state=1 runtime_state=1 workflow_running=True
Mode: {'data': 'automatic', 'message': 'Get Mode'}
Event: {'message': 'Get Planner event', 'data': {'event': None}}
Planner State: {'message': 'Get Planner State', 'data': {'state': 1}}
Bridge sync: mode=automatic requested_event=None requested_state=1 runtime_state=1 workflow_running=True
Mode: {'data': 'automatic', 'message': 'Get Mode'}
Event: {'message': 'Get Planner event', 'data': {'event': None}}
Planner State: {'message': 'Get Planner State', 'data': {'state': 1}}
Bridge sync: mode=automatic requested_event=None requested_state=1 runtime_state=1 workflow_running=True
Mode: {'data': 'automatic', 'message': 'Get Mode'}
Event: {'message': 'Get Planner event', 'data': {'event': None}}
Planner State: {'message': 'Get Planner State', 'data': {'state': 1}}
Bridge sync: mode=automatic requested_event=None requested_state=1 runtime_state=1 workflow_running=True
Mode: {'data': 'automatic', 'message': 'Get Mode'}
Event: {'message': 'Get Planner event', 'data': {'event': None}}
Planner State: {'message': 'Get Planner State', 'data': {'state': 1}}
Bridge sync: mode=automatic requested_event=None requested_state=1 runtime_state=1 workflow_running=True
Mode: {'data': 'automatic', 'message': 'Get Mode'}
Event: {'message': 'Get Planner event', 'data': {'event': None}}
Planner State: {'message': 'Get Planner State', 'data': {'state': 1}}
Bridge sync: mode=automatic requested_event=None requested_state=1 runtime_state=1 workflow_running=True
Mode: {'data': 'automatic', 'message': 'Get Mode'}
Event: {'message': 'Get Planner event', 'data': {'event': None}}
Planner State: {'message': 'Get Planner State', 'data': {'state': 1}}
Bridge sync: mode=automatic requested_event=None requested_state=1 runtime_state=1 workflow_running=True
Mode: {'data': 'automatic', 'message': 'Get Mode'}
Event: {'message': 'Get Planner event', 'data': {'event': None}}
Planner State: {'message': 'Get Planner State', 'data': {'state': 1}}
Bridge sync: mode=automatic requested_event=None requested_state=1 runtime_state=1 workflow_running=True
Mode: {'data': 'automatic', 'message': 'Get Mode'}
Event: {'message': 'Get Planner event', 'data': {'event': None}}
Planner State: {'message': 'Get Planner State', 'data': {'state': 1}}
Bridge sync: mode=automatic requested_event=None requested_state=1 runtime_state=1 workflow_running=True
Mode: {'data': 'automatic', 'message': 'Get Mode'}Login successful.
{'data': {'user': {'id': 2, 'name': 'planner', 'isAdmin': False, 'isMod': False, 'isPlanner': True, 'createdAt': '2026-03-02T12:45:58.147Z', 'updatedAt': '2026-03-02T12:45:58.147Z'}, 'token': 'eyJhbGciOiJIUzI1NiIsInR5cCI6IkpXVCJ9.eyJpZCI6MiwiaWF0IjoxNzczNzQyNDUwLCJleHAiOjE3NzM3NzEyNTB9.zDCfcghlxeTf3hhv9Mmjrsw1Za4w-PXprDuOd8ORhdw'}, 'message': 'login'}
World resume: restored from C:\Users\GoceDimitrieskiUnite\OneDrive - United Robotics Group GmbH\Dokumente\URSim_VIRTUAL-5.24.0.1219432\VM Shared\uGO\uGO-Brain\world\world_occupancy_trace.jsonl
Trace session: append (world resumed from previous snapshot)
TREE: Status.RUNNING
TREE: Status.RUNNING
Task request successful.
{'data': {'RequestId': '0a864c9c-ebc2-4555-ae4f-d9888456bc98', 'InstrumentId': 'UGO_Node', 'ModuleId': 'UGOClient'}}
Request Status: {'data': {'id': '0a864c9c-ebc2-4555-ae4f-d9888456bc98', 'status': 'PENDING', 'error': 'null', 'outputs': {}}}
Request Status: {'data': {'id': '0a864c9c-ebc2-4555-ae4f-d9888456bc98', 'status': 'PENDING', 'error': 'null', 'outputs': {}}}
Request Status: {'data': {'id': '0a864c9c-ebc2-4555-ae4f-d9888456bc98', 'status': 'EXECUTE', 'error': 'null', 'outputs': {}}}
Request Status: {'data': {'id': '0a864c9c-ebc2-4555-ae4f-d9888456bc98', 'status': 'EXECUTE', 'error': 'null', 'outputs': {}}}
Request Status: {'data': {'id': '0a864c9c-ebc2-4555-ae4f-d9888456bc98', 'status': 'COMPLETE', 'error': 'null', 'outputs': {}}}
TREE: Status.RUNNING
Task request successful.
{'data': {'RequestId': '99b2b582-429c-4f48-af09-d18f81f1f725', 'InstrumentId': 'UGO_Node', 'ModuleId': 'UGOClient'}}
Request Status: {'data': {'id': '99b2b582-429c-4f48-af09-d18f81f1f725', 'status': 'PENDING', 'error': 'null', 'outputs': {}}}
Request Status: {'data': {'id': '99b2b582-429c-4f48-af09-d18f81f1f725', 'status': 'PENDING', 'error': 'null', 'outputs': {}}}
Request Status: {'data': {'id': '99b2b582-429c-4f48-af09-d18f81f1f725', 'status': 'PENDING', 'error': 'null', 'outputs': {}}}
Request Status: {'data': {'id': '99b2b582-429c-4f48-af09-d18f81f1f725', 'status': 'PENDING', 'error': 'null', 'outputs': {}}}
Request Status: {'data': {'id': '99b2b582-429c-4f48-af09-d18f81f1f725', 'status': 'EXECUTE', 'error': 'null', 'outputs': {}}}
Request Status: {'data': {'id': '99b2b582-429c-4f48-af09-d18f81f1f725', 'status': 'EXECUTE', 'error': 'null', 'outputs': {}}}
Request Status: {'data': {'id': '99b2b582-429c-4f48-af09-d18f81f1f725', 'status': 'COMPLETE', 'error': 'null', 'outputs': {}}}
TREE: Status.RUNNING
Task request successful.
{'data': {'RequestId': '8fb58f40-b136-487a-b0c6-f2091b8eec4f', 'InstrumentId': 'UGO_Node', 'ModuleId': 'UGOClient'}}
Request Status: {'data': {'id': '8fb58f40-b136-487a-b0c6-f2091b8eec4f', 'status': 'PENDING', 'error': 'null', 'outputs': {}}}
Request Status: {'data': {'id': '8fb58f40-b136-487a-b0c6-f2091b8eec4f', 'status': 'PENDING', 'error': 'null', 'outputs': {}}}
Request Status: {'data': {'id': '8fb58f40-b136-487a-b0c6-f2091b8eec4f', 'status': 'EXECUTE', 'error': 'null', 'outputs': {}}}
Request Status: {'data': {'id': '8fb58f40-b136-487a-b0c6-f2091b8eec4f', 'status': 'EXECUTE', 'error': 'null', 'outputs': {}}}
Request Status: {'data': {'id': '8fb58f40-b136-487a-b0c6-f2091b8eec4f', 'status': 'COMPLETE', 'error': 'null', 'outputs': {}}}
Task request successful.
{'data': {'RequestId': '9c1abc71-8f24-46f0-9bc1-0ccf9cb96984', 'InstrumentId': 'UGO_Node', 'ModuleId': 'UGOClient'}}
Request Status: {'data': {'id': '9c1abc71-8f24-46f0-9bc1-0ccf9cb96984', 'status': 'PENDING', 'error': 'null', 'outputs': {}}}
Request Status: {'data': {'id': '9c1abc71-8f24-46f0-9bc1-0ccf9cb96984', 'status': 'PENDING', 'error': 'null', 'outputs': {}}}
Request Status: {'data': {'id': '9c1abc71-8f24-46f0-9bc1-0ccf9cb96984', 'status': 'PENDING', 'error': 'null', 'outputs': {}}}
Request Status: {'data': {'id': '9c1abc71-8f24-46f0-9bc1-0ccf9cb96984', 'status': 'EXECUTE', 'error': 'null', 'outputs': {}}}
Request Status: {'data': {'id': '9c1abc71-8f24-46f0-9bc1-0ccf9cb96984', 'status': 'COMPLETE', 'error': 'null', 'outputs': {'Position': '0', 'Results': ''}}}
TREE: Status.RUNNING
Task request successful.
{'data': {'RequestId': 'b08ea363-4d2a-4543-89a3-68049ee5bf00', 'InstrumentId': 'UGO_Node', 'ModuleId': 'UGOClient'}}
Request Status: {'data': {'id': 'b08ea363-4d2a-4543-89a3-68049ee5bf00', 'status': 'PENDING', 'error': 'null', 'outputs': {}}}
Request Status: {'data': {'id': 'b08ea363-4d2a-4543-89a3-68049ee5bf00', 'status': 'PENDING', 'error': 'null', 'outputs': {}}}
Request Status: {'data': {'id': 'b08ea363-4d2a-4543-89a3-68049ee5bf00', 'status': 'EXECUTE', 'error': 'null', 'outputs': {}}}
Request Status: {'data': {'id': 'b08ea363-4d2a-4543-89a3-68049ee5bf00', 'status': 'EXECUTE', 'error': 'null', 'outputs': {}}}
Request Status: {'data': {'id': 'b08ea363-4d2a-4543-89a3-68049ee5bf00', 'status': 'EXECUTE', 'error': 'null', 'outputs': {'Position': '0', 'Results': 'NavigationComplete'}}}
Request Status: {'data': {'id': 'b08ea363-4d2a-4543-89a3-68049ee5bf00', 'status': 'COMPLETE', 'error': 'null', 'outputs': {}}}
TREE: Status.RUNNING
Task request successful.
{'data': {'RequestId': '16fc4337-08f7-4451-a4f1-85a46d42090e', 'InstrumentId': 'UGO_Node', 'ModuleId': 'UGOClient'}}
Request Status: {'data': {'id': '16fc4337-08f7-4451-a4f1-85a46d42090e', 'status': 'PENDING', 'error': 'null', 'outputs': {}}}
Request Status: {'data': {'id': '16fc4337-08f7-4451-a4f1-85a46d42090e', 'status': 'PENDING', 'error': 'null', 'outputs': {}}}
Request Status: {'data': {'id': '16fc4337-08f7-4451-a4f1-85a46d42090e', 'status': 'EXECUTE', 'error': 'null', 'outputs': {}}}
Request Status: {'data': {'id': '16fc4337-08f7-4451-a4f1-85a46d42090e', 'status': 'EXECUTE', 'error': 'null', 'outputs': {'Position': '0', 'Results': '[1,2,3,4,5,6]'}}}
Request Status: {'data': {'id': '16fc4337-08f7-4451-a4f1-85a46d42090e', 'status': 'COMPLETE', 'error': 'null', 'outputs': {}}}
TREE: Status.RUNNING
GettingNewSamples routing: no samples to route from URG rack
TREE: Status.RUNNING
Task request successful.
{'data': {'RequestId': '20f422f9-dd16-4a69-9eb5-1dbb58d702ec', 'InstrumentId': 'UGO_Node', 'ModuleId': 'UGOClient'}}
Request Status: {'data': {'id': '20f422f9-dd16-4a69-9eb5-1dbb58d702ec', 'status': 'PENDING', 'error': 'null', 'outputs': {}}}
Request Status: {'data': {'id': '20f422f9-dd16-4a69-9eb5-1dbb58d702ec', 'status': 'PENDING', 'error': 'null', 'outputs': {}}}
Request Status: {'data': {'id': '20f422f9-dd16-4a69-9eb5-1dbb58d702ec', 'status': 'EXECUTE', 'error': 'null', 'outputs': {}}}
Request Status: {'data': {'id': '20f422f9-dd16-4a69-9eb5-1dbb58d702ec', 'status': 'EXECUTE', 'error': 'null', 'outputs': {'Position': '0', 'Results': 'Devices: (5-COMPLETE; 7-COMPLETE'}}}
Request Status: {'data': {'id': '20f422f9-dd16-4a69-9eb5-1dbb58d702ec', 'status': 'COMPLETE', 'error': 'null', 'outputs': {}}}
StateDriven.UpdateWorldState.loop1 failed: no device status payload found in response outputs. Expected e.g. 'Devices: (5-COMPLETE; 7-COMPLETE)'.
TREE: Status.FAILURE
Final blackboard: {'workflow_mode': 'GETTING_NEW_SAMPLES', 'centrifuge_mode': 'AUTO', 'final_plate_target': None, 'tree_profile': 'planner_getting_new_samples_v1', 'planned_steps': ['await_input_rack_present', 'nav_input', 'scan_input_landmark', 'transfer_input_rack', 'charge', 'camera_inspect_urg_for_new_samples', 'urg_sort_via_3fg_router', 'handoff_to_state_driven_planning'], 'dynamic_process_policies_file': 'C:\\Users\\GoceDimitrieskiUnite\\OneDrive - United Robotics Group GmbH\\Dokumente\\URSim_VIRTUAL-5.24.0.1219432\\VM Shared\\uGO\\uGO-Brain\\planning\\process_policies.json', 'scaffold_steps': ['await_input_rack_present', 'nav_input', 'scan_input_landmark', 'transfer_input_rack', 'charge', 'camera_inspect_urg_for_new_samples', 'urg_sort_via_3fg_router', 'handoff_to_state_driven_planning'], 'last_plan_step': 'handoff_to_state_driven_planning', 'workflow_context_message': 'Executing StateDriven.UpdateWorldState.loop1', 'workflow_context_ts': '2026-03-17T11:14:38.409+01:00', 'input_rack_id': 'RACK_INPUT_URG_01', 'input_landmark_scanned': True, 'detected_urg_positions': [], 'detected_sample_ids': [], 'routed_sample_ids': [], 'state_driven_planning_requested': True, 'state_driven_planning_handoff_ts': '2026-03-17T11:14:38.400+01:00', 'state_driven_waiting_external_completion': False, 'state_driven_waiting_reason': ''}
Final sample states: {'DUMMY_0001': "RackLocation(station_id='uLMPlateStation', station_slot_id='TaraRacksSlot1', rack_id='RACK_ULM_TARA_01', slot_index=1)", 'DUMMY_0002': "RackLocation(station_id='uLMPlateStation', station_slot_id='TaraRacksSlot1', rack_id='RACK_ULM_TARA_01', slot_index=2)", 'DUMMY_0003': "RackLocation(station_id='uLMPlateStation', station_slot_id='TaraRacksSlot1', rack_id='RACK_ULM_TARA_01', slot_index=3)"}
World config loaded from: C:\Users\GoceDimitrieskiUnite\OneDrive - United Robotics Group GmbH\Dokumente\URSim_VIRTUAL-5.24.0.1219432\VM Shared\uGO\uGO-Brain\world\world_config.json
World file backup created: C:\Users\GoceDimitrieskiUnite\OneDrive - United Robotics Group GmbH\Dokumente\URSim_VIRTUAL-5.24.0.1219432\VM Shared\uGO\uGO-Brain\world\versions\world_snapshot.20260317_111442_444.jsonl.bak
Workflow did not complete successfully; execution trace/state transition canonical files were not updated.
WIP trace: C:\Users\GoceDimitrieskiUnite\OneDrive - United Robotics Group GmbH\Dokumente\URSim_VIRTUAL-5.24.0.1219432\VM Shared\uGO\uGO-Brain\tracing\tree_execution_trace.wip.csv
WIP state transitions: C:\Users\GoceDimitrieskiUnite\OneDrive - United Robotics Group GmbH\Dokumente\URSim_VIRTUAL-5.24.0.1219432\VM Shared\uGO\uGO-Brain\tracing\tree_state_changes.wip.csv
Occupancy trace written to C:\Users\GoceDimitrieskiUnite\OneDrive - United Robotics Group GmbH\Dokumente\URSim_VIRTUAL-5.24.0.1219432\VM Shared\uGO\uGO-Brain\world\world_occupancy_trace.csv
Occupancy events written to C:\Users\GoceDimitrieskiUnite\OneDrive - United Robotics Group GmbH\Dokumente\URSim_VIRTUAL-5.24.0.1219432\VM Shared\uGO\uGO-Brain\world\world_occupancy_trace.jsonl
World snapshot written to C:\Users\GoceDimitrieskiUnite\OneDrive - United Robotics Group GmbH\Dokumente\URSim_VIRTUAL-5.24.0.1219432\VM Shared\uGO\uGO-Brain\world\world_snapshot.jsonl
WIP occupancy trace mirror: C:\Users\GoceDimitrieskiUnite\OneDrive - United Robotics Group GmbH\Dokumente\URSim_VIRTUAL-5.24.0.1219432\VM Shared\uGO\uGO-Brain\world\world_occupancy_trace.wip.csv
WIP occupancy events mirror: C:\Users\GoceDimitrieskiUnite\OneDrive - United Robotics Group GmbH\Dokumente\URSim_VIRTUAL-5.24.0.1219432\VM Shared\uGO\uGO-Brain\world\world_occupancy_trace.wip.jsonl
WIP world snapshot mirror: C:\Users\GoceDimitrieskiUnite\OneDrive - United Robotics Group GmbH\Dokumente\URSim_VIRTUAL-5.24.0.1219432\VM Shared\uGO\uGO-Brain\world\world_snapshot.wip.jsonl

Event: {'message': 'Get Planner event', 'data': {'event': None}}
Planner State: {'message': 'Get Planner State', 'data': {'state': 1}}
Bridge sync: mode=automatic requested_event=None requested_state=1 runtime_state=1 workflow_running=True
Mode: {'data': 'automatic', 'message': 'Get Mode'}
Event: {'message': 'Get Planner event', 'data': {'event': None}}
Planner State: {'message': 'Get Planner State', 'data': {'state': 1}}
Bridge sync: mode=automatic requested_event=None requested_state=1 runtime_state=1 workflow_running=True
Mode: {'data': 'automatic', 'message': 'Get Mode'}
Event: {'message': 'Get Planner event', 'data': {'event': None}}
Planner State: {'message': 'Get Planner State', 'data': {'state': 1}}
Bridge sync: mode=automatic requested_event=None requested_state=1 runtime_state=1 workflow_running=True
Mode: {'data': 'automatic', 'message': 'Get Mode'}
Event: {'message': 'Get Planner event', 'data': {'event': None}}
Planner State: {'message': 'Get Planner State', 'data': {'state': 1}}
Bridge sync: mode=automatic requested_event=None requested_state=1 runtime_state=1 workflow_running=True
Mode: {'data': 'automatic', 'message': 'Get Mode'}
Event: {'message': 'Get Planner event', 'data': {'event': None}}
Planner State: {'message': 'Get Planner State', 'data': {'state': 1}}
Bridge sync: mode=automatic requested_event=None requested_state=1 runtime_state=1 workflow_running=True
Mode: {'data': 'automatic', 'message': 'Get Mode'}
Event: {'message': 'Get Planner event', 'data': {'event': None}}
Planner State: {'message': 'Get Planner State', 'data': {'state': 1}}
Bridge sync: mode=automatic requested_event=None requested_state=1 runtime_state=1 workflow_running=True
Mode: {'data': 'automatic', 'message': 'Get Mode'}
Event: {'message': 'Get Planner event', 'data': {'event': None}}
Planner State: {'message': 'Get Planner State', 'data': {'state': 1}}
Bridge sync: mode=automatic requested_event=None requested_state=1 runtime_state=1 workflow_running=True
Mode: {'data': 'automatic', 'message': 'Get Mode'}
Event: {'message': 'Get Planner event', 'data': {'event': None}}
Planner State: {'message': 'Get Planner State', 'data': {'state': 1}}
Bridge sync: mode=automatic requested_event=None requested_state=1 runtime_state=1 workflow_running=True
Mode: {'data': 'automatic', 'message': 'Get Mode'}
Event: {'message': 'Get Planner event', 'data': {'event': None}}
Planner State: {'message': 'Get Planner State', 'data': {'state': 1}}
Bridge sync: mode=automatic requested_event=None requested_state=1 runtime_state=1 workflow_running=True
Mode: {'data': 'automatic', 'message': 'Get Mode'}
Event: {'message': 'Get Planner event', 'data': {'event': None}}
Planner State: {'message': 'Get Planner State', 'data': {'state': 1}}
Bridge sync: mode=automatic requested_event=None requested_state=1 runtime_state=1 workflow_running=True
Mode: {'data': 'automatic', 'message': 'Get Mode'}
Event: {'message': 'Get Planner event', 'data': {'event': None}}
Planner State: {'message': 'Get Planner State', 'data': {'state': 1}}
Bridge sync: mode=automatic requested_event=None requested_state=1 runtime_state=1 workflow_running=True
Mode: {'data': 'automatic', 'message': 'Get Mode'}
Event: {'message': 'Get Planner event', 'data': {'event': None}}
Planner State: {'message': 'Get Planner State', 'data': {'state': 1}}
Bridge sync: mode=automatic requested_event=None requested_state=1 runtime_state=1 workflow_running=True
Mode: {'data': 'automatic', 'message': 'Get Mode'}
Event: {'message': 'Get Planner event', 'data': {'event': None}}
Planner State: {'message': 'Get Planner State', 'data': {'state': 1}}
Bridge sync: mode=automatic requested_event=None requested_state=1 runtime_state=1 workflow_running=True
Mode: {'data': 'automatic', 'message': 'Get Mode'}
Event: {'message': 'Get Planner event', 'data': {'event': None}}
Planner State: {'message': 'Get Planner State', 'data': {'state': 1}}
Bridge sync: mode=automatic requested_event=None requested_state=1 runtime_state=1 workflow_running=True
Mode: {'data': 'automatic', 'message': 'Get Mode'}
Event: {'message': 'Get Planner event', 'data': {'event': None}}
Planner State: {'message': 'Get Planner State', 'data': {'state': 1}}
Bridge sync: mode=automatic requested_event=None requested_state=1 runtime_state=1 workflow_running=True
Mode: {'data': 'automatic', 'message': 'Get Mode'}
Event: {'message': 'Get Planner event', 'data': {'event': None}}
Planner State: {'message': 'Get Planner State', 'data': {'state': 1}}
Bridge sync: mode=automatic requested_event=None requested_state=1 runtime_state=1 workflow_running=True
Mode: {'data': 'automatic', 'message': 'Get Mode'}
Event: {'message': 'Get Planner event', 'data': {'event': None}}
Planner State: {'message': 'Get Planner State', 'data': {'state': 1}}
Bridge sync: mode=automatic requested_event=None requested_state=1 runtime_state=1 workflow_running=True
Mode: {'data': 'automatic', 'message': 'Get Mode'}
Event: {'message': 'Get Planner event', 'data': {'event': None}}
Planner State: {'message': 'Get Planner State', 'data': {'state': 1}}
Bridge sync: mode=automatic requested_event=None requested_state=1 runtime_state=1 workflow_running=True
Mode: {'data': 'automatic', 'message': 'Get Mode'}
Event: {'message': 'Get Planner event', 'data': {'event': None}}
Planner State: {'message': 'Get Planner State', 'data': {'state': 1}}
Bridge sync: mode=automatic requested_event=None requested_state=1 runtime_state=1 workflow_running=True
Mode: {'data': 'automatic', 'message': 'Get Mode'}
Event: {'message': 'Get Planner event', 'data': {'event': None}}
Planner State: {'message': 'Get Planner State', 'data': {'state': 1}}
Planner workflow process ended with rc=0
State sent successfully.
{'data': {'state': 0}, 'message': 'State received'}
Bridge sync: mode=automatic requested_event=None requested_state=1 runtime_state=0 workflow_running=False
Mode: {'data': 'automatic', 'message': 'Get Mode'}
Event: {'message': 'Get Planner event', 'data': {'event': None}}
Planner State: {'message': 'Get Planner State', 'data': {'state': 1}}
State sent successfully.
{'data': {'state': 0}, 'message': 'State received'}
Bridge sync: mode=automatic requested_event=None requested_state=1 runtime_state=0 workflow_running=False
Mode: {'data': 'automatic', 'message': 'Get Mode'}
Event: {'message': 'Get Planner event', 'data': {'event': None}}
Planner State: {'message': 'Get Planner State', 'data': {'state': 0}}
Bridge sync: mode=automatic requested_event=None requested_state=0 runtime_state=0 workflow_running=False
Mode: {'data': 'automatic', 'message': 'Get Mode'}
Event: {'message': 'Get Planner event', 'data': {'event': None}}
Planner State: {'message': 'Get Planner State', 'data': {'state': 0}}
Bridge sync: mode=automatic requested_event=None requested_state=0 runtime_state=0 workflow_running=False
Mode: {'data': 'automatic', 'message': 'Get Mode'}
Event: {'message': 'Get Planner event', 'data': {'event': None}}
Planner State: {'message': 'Get Planner State', 'data': {'state': 0}}
Bridge sync: mode=automatic requested_event=None requested_state=0 runtime_state=0 workflow_running=False
Mode: {'data': 'automatic', 'message': 'Get Mode'}
Event: {'message': 'Get Planner event', 'data': {'event': None}}
Planner State: {'message': 'Get Planner State', 'data': {'state': 0}}
Bridge sync: mode=automatic requested_event=None requested_state=0 runtime_state=0 workflow_running=False
Mode: {'data': 'automatic', 'message': 'Get Mode'}
Event: {'message': 'Get Planner event', 'data': {'event': None}}
Planner State: {'message': 'Get Planner State', 'data': {'state': 0}}
Bridge sync: mode=automatic requested_event=None requested_state=0 runtime_state=0 workflow_running=False
Mode: {'data': 'automatic', 'message': 'Get Mode'}
Event: {'message': 'Get Planner event', 'data': {'event': None}}
Planner State: {'message': 'Get Planner State', 'data': {'state': 0}}
Bridge sync: mode=automatic requested_event=None requested_state=0 runtime_state=0 workflow_running=False
Mode: {'data': 'automatic', 'message': 'Get Mode'}
Event: {'message': 'Get Planner event', 'data': {'event': None}}
Planner State: {'message': 'Get Planner State', 'data': {'state': 0}}
Bridge sync: mode=automatic requested_event=None requested_state=0 runtime_state=0 workflow_running=False
Mode: {'data': 'automatic', 'message': 'Get Mode'}
Event: {'message': 'Get Planner event', 'data': {'event': None}}
Planner State: {'message': 'Get Planner State', 'data': {'state': 0}}
Bridge sync: mode=automatic requested_event=None requested_state=0 runtime_state=0 workflow_running=False
Mode: {'data': 'automatic', 'message': 'Get Mode'}
Event: {'message': 'Get Planner event', 'data': {'event': None}}
Planner State: {'message': 'Get Planner State', 'data': {'state': 0}}
Bridge sync: mode=automatic requested_event=None requested_state=0 runtime_state=0 workflow_running=False
Mode: {'data': 'automatic', 'message': 'Get Mode'}
Event: {'message': 'Get Planner event', 'data': {'event': None}}
Planner State: {'message': 'Get Planner State', 'data': {'state': 0}}
Bridge sync: mode=automatic requested_event=None requested_state=0 runtime_state=0 workflow_running=False
Mode: {'data': 'automatic', 'message': 'Get Mode'}
Event: {'message': 'Get Planner event', 'data': {'event': None}}
Planner State: {'message': 'Get Planner State', 'data': {'state': 0}}
Bridge sync: mode=automatic requested_event=None requested_state=0 runtime_state=0 workflow_running=False
Mode: {'data': 'automatic', 'message': 'Get Mode'}
Event: {'message': 'Get Planner event', 'data': {'event': None}}
Planner State: {'message': 'Get Planner State', 'data': {'state': 0}}
Bridge sync: mode=automatic requested_event=None requested_state=0 runtime_state=0 workflow_running=False
Mode: {'data': 'automatic', 'message': 'Get Mode'}
Event: {'message': 'Get Planner event', 'data': {'event': None}}
Planner State: {'message': 'Get Planner State', 'data': {'state': 0}}
Bridge sync: mode=automatic requested_event=None requested_state=0 runtime_state=0 workflow_running=False
Mode: {'data': 'automatic', 'message': 'Get Mode'}
Event: {'message': 'Get Planner event', 'data': {'event': None}}
Planner State: {'message': 'Get Planner State', 'data': {'state': 0}}
Bridge sync: mode=automatic requested_event=None requested_state=0 runtime_state=0 workflow_running=False
Mode: {'data': 'automatic', 'message': 'Get Mode'}
Event: {'message': 'Get Planner event', 'data': {'event': None}}
Planner State: {'message': 'Get Planner State', 'data': {'state': 0}}
Bridge sync: mode=automatic requested_event=None requested_state=0 runtime_state=0 workflow_running=False
Mode: {'data': 'automatic', 'message': 'Get Mode'}
Event: {'message': 'Get Planner event', 'data': {'event': None}}
Planner State: {'message': 'Get Planner State', 'data': {'state': 0}}
Bridge sync: mode=automatic requested_event=None requested_state=0 runtime_state=0 workflow_running=False
Mode: {'data': 'automatic', 'message': 'Get Mode'}
Event: {'message': 'Get Planner event', 'data': {'event': None}}
Planner State: {'message': 'Get Planner State', 'data': {'state': 0}}
Bridge sync: mode=automatic requested_event=None requested_state=0 runtime_state=0 workflow_running=False
Mode: {'data': 'automatic', 'message': 'Get Mode'}
Event: {'message': 'Get Planner event', 'data': {'event': None}}
Planner State: {'message': 'Get Planner State', 'data': {'state': 0}}
Bridge sync: mode=automatic requested_event=None requested_state=0 runtime_state=0 workflow_running=False
Mode: {'data': 'automatic', 'message': 'Get Mode'}
Event: {'message': 'Get Planner event', 'data': {'event': None}}
Planner State: {'message': 'Get Planner State', 'data': {'state': 0}}
Bridge sync: mode=automatic requested_event=None requested_state=0 runtime_state=0 workflow_running=False
Mode: {'data': 'automatic', 'message': 'Get Mode'}
Event: {'message': 'Get Planner event', 'data': {'event': None}}
Planner State: {'message': 'Get Planner State', 'data': {'state': 0}}
Bridge sync: mode=automatic requested_event=None requested_state=0 runtime_state=0 workflow_running=False
Mode: {'data': 'automatic', 'message': 'Get Mode'}
Event: {'message': 'Get Planner event', 'data': {'event': None}}
Planner State: {'message': 'Get Planner State', 'data': {'state': 0}}
Bridge sync: mode=automatic requested_event=None requested_state=0 runtime_state=0 workflow_running=False
Mode: {'data': 'automatic', 'message': 'Get Mode'}
Event: {'message': 'Get Planner event', 'data': {'event': None}}
Planner State: {'message': 'Get Planner State', 'data': {'state': 0}}
Bridge sync: mode=automatic requested_event=None requested_state=0 runtime_state=0 workflow_running=False
Mode: {'data': 'automatic', 'message': 'Get Mode'}
Event: {'message': 'Get Planner event', 'data': {'event': None}}
Planner State: {'message': 'Get Planner State', 'data': {'state': 0}}
Bridge sync: mode=automatic requested_event=None requested_state=0 runtime_state=0 workflow_running=False
Mode: {'data': 'automatic', 'message': 'Get Mode'}
Event: {'message': 'Get Planner event', 'data': {'event': None}}
Planner State: {'message': 'Get Planner State', 'data': {'state': 0}}
Bridge sync: mode=automatic requested_event=None requested_state=0 runtime_state=0 workflow_running=False
Mode: {'data': 'automatic', 'message': 'Get Mode'}
Event: {'message': 'Get Planner event', 'data': {'event': None}}
Planner State: {'message': 'Get Planner State', 'data': {'state': 0}}
Bridge sync: mode=automatic requested_event=None requested_state=0 runtime_state=0 workflow_running=False
Mode: {'data': 'automatic', 'message': 'Get Mode'}
Event: {'message': 'Get Planner event', 'data': {'event': None}}
Planner State: {'message': 'Get Planner State', 'data': {'state': 0}}
Bridge sync: mode=automatic requested_event=None requested_state=0 runtime_state=0 workflow_running=False
Mode: {'data': 'automatic', 'message': 'Get Mode'}
Event: {'message': 'Get Planner event', 'data': {'event': None}}
Planner State: {'message': 'Get Planner State', 'data': {'state': 0}}
Bridge sync: mode=automatic requested_event=None requested_state=0 runtime_state=0 workflow_running=False
Mode: {'data': 'automatic', 'message': 'Get Mode'}
Event: {'message': 'Get Planner event', 'data': {'event': None}}
Planner State: {'message': 'Get Planner State', 'data': {'state': 0}}
Bridge sync: mode=automatic requested_event=None requested_state=0 runtime_state=0 workflow_running=False
Mode: {'data': 'automatic', 'message': 'Get Mode'}
Event: {'message': 'Get Planner event', 'data': {'event': None}}
Planner State: {'message': 'Get Planner State', 'data': {'state': 0}}
Bridge sync: mode=automatic requested_event=None requested_state=0 runtime_state=0 workflow_running=False
Mode: {'data': 'automatic', 'message': 'Get Mode'}
Event: {'message': 'Get Planner event', 'data': {'event': None}}
Planner State: {'message': 'Get Planner State', 'data': {'state': 0}}
Bridge sync: mode=automatic requested_event=None requested_state=0 runtime_state=0 workflow_running=False
Mode: {'data': 'automatic', 'message': 'Get Mode'}
Event: {'message': 'Get Planner event', 'data': {'event': None}}
Planner State: {'message': 'Get Planner State', 'data': {'state': 0}}
Bridge sync: mode=automatic requested_event=None requested_state=0 runtime_state=0 workflow_running=False
Mode: {'data': 'automatic', 'message': 'Get Mode'}
Event: {'message': 'Get Planner event', 'data': {'event': None}}
Planner State: {'message': 'Get Planner State', 'data': {'state': 0}}
Bridge sync: mode=automatic requested_event=None requested_state=0 runtime_state=0 workflow_running=False
Mode: {'data': 'automatic', 'message': 'Get Mode'}
Event: {'message': 'Get Planner event', 'data': {'event': None}}
Planner State: {'message': 'Get Planner State', 'data': {'state': 0}}
Bridge sync: mode=automatic requested_event=None requested_state=0 runtime_state=0 workflow_running=False
Mode: {'data': 'automatic', 'message': 'Get Mode'}
Event: {'message': 'Get Planner event', 'data': {'event': None}}
Planner State: {'message': 'Get Planner State', 'data': {'state': 0}}
Bridge sync: mode=automatic requested_event=None requested_state=0 runtime_state=0 workflow_running=False
Mode: {'data': 'automatic', 'message': 'Get Mode'}