Traceback (most recent call last):
  File "C:\Users\GoceDimitrieskiUnite\AppData\Local\Programs\Python\Python39\lib\runpy.py", line 188, in _run_module_as_main
    mod_name, mod_spec, code = _get_module_details(mod_name, _Error)
  File "C:\Users\GoceDimitrieskiUnite\AppData\Local\Programs\Python\Python39\lib\runpy.py", line 111, in _get_module_details
    __import__(pkg_name)
  File "C:\Users\GoceDimitrieskiUnite\OneDrive - United Robotics Group GmbH\Dokumente\URSim_VIRTUAL-5.24.0.1219432\VM Shared\uGO\uGO-Brain\workflows\__init__.py", line 1, in <module>
    from workflows.rack_probe_transfer_workflow import build_tree, main
  File "C:\Users\GoceDimitrieskiUnite\OneDrive - United Robotics Group GmbH\Dokumente\URSim_VIRTUAL-5.24.0.1219432\VM Shared\uGO\uGO-Brain\workflows\rack_probe_transfer_workflow.py", line 16, in <module>
    from engine.bt_nodes import ActionNode, Blackboard, ConditionNode, ForEachNode, RetryNode, SequenceNode, Status
  File "C:\Users\GoceDimitrieskiUnite\OneDrive - United Robotics Group GmbH\Dokumente\URSim_VIRTUAL-5.24.0.1219432\VM Shared\uGO\uGO-Brain\engine\__init__.py", line 3, in <module>
    from engine.command_layer import CommandSender, TaskCatalog
  File "C:\Users\GoceDimitrieskiUnite\OneDrive - United Robotics Group GmbH\Dokumente\URSim_VIRTUAL-5.24.0.1219432\VM Shared\uGO\uGO-Brain\engine\command_layer.py", line 9, in <module>
    from engine.ugo_robot_client import UgoRobotClient
  File "C:\Users\GoceDimitrieskiUnite\OneDrive - United Robotics Group GmbH\Dokumente\URSim_VIRTUAL-5.24.0.1219432\VM Shared\uGO\uGO-Brain\engine\ugo_robot_client.py", line 9, in <module>
    from Library.workflow_post_task_send import task_post_send
  File "C:\Users\GoceDimitrieskiUnite\OneDrive - United Robotics Group GmbH\Dokumente\URSim_VIRTUAL-5.24.0.1219432\VM Shared\uGO\uGO-Brain\Library\workflow_post_task_send.py", line 3, in <module>
    from Library.login import login
  File "C:\Users\GoceDimitrieskiUnite\OneDrive - United Robotics Group GmbH\Dokumente\URSim_VIRTUAL-5.24.0.1219432\VM Shared\uGO\uGO-Brain\Library\login.py", line 3, in <module>
    from credentials import credentials
ModuleNotFoundError: No module named 'credentials'
Traceback (most recent call last):
  File "C:\Users\GoceDimitrieskiUnite\AppData\Local\Programs\Python\Python39\lib\runpy.py", line 188, in _run_module_as_main
    mod_name, mod_spec, code = _get_module_details(mod_name, _Error)
  File "C:\Users\GoceDimitrieskiUnite\AppData\Local\Programs\Python\Python39\lib\runpy.py", line 111, in _get_module_details
    __import__(pkg_name)
  File "C:\Users\GoceDimitrieskiUnite\OneDrive - United Robotics Group GmbH\Dokumente\URSim_VIRTUAL-5.24.0.1219432\VM Shared\uGO\uGO-Brain\workflows\__init__.py", line 1, in <module>
    from workflows.rack_probe_transfer_workflow import build_tree, main
  File "C:\Users\GoceDimitrieskiUnite\OneDrive - United Robotics Group GmbH\Dokumente\URSim_VIRTUAL-5.24.0.1219432\VM Shared\uGO\uGO-Brain\workflows\rack_probe_transfer_workflow.py", line 16, in <module>
    from engine.bt_nodes import ActionNode, Blackboard, ConditionNode, ForEachNode, RetryNode, SequenceNode, Status
  File "C:\Users\GoceDimitrieskiUnite\OneDrive - United Robotics Group GmbH\Dokumente\URSim_VIRTUAL-5.24.0.1219432\VM Shared\uGO\uGO-Brain\engine\__init__.py", line 3, in <module>
    from engine.command_layer import CommandSender, TaskCatalog
  File "C:\Users\GoceDimitrieskiUnite\OneDrive - United Robotics Group GmbH\Dokumente\URSim_VIRTUAL-5.24.0.1219432\VM Shared\uGO\uGO-Brain\engine\command_layer.py", line 9, in <module>
    from engine.ugo_robot_client import UgoRobotClient
  File "C:\Users\GoceDimitrieskiUnite\OneDrive - United Robotics Group GmbH\Dokumente\URSim_VIRTUAL-5.24.0.1219432\VM Shared\uGO\uGO-Brain\engine\ugo_robot_client.py", line 9, in <module>
    from Library.workflow_post_task_send import task_post_send
  File "C:\Users\GoceDimitrieskiUnite\OneDrive - United Robotics Group GmbH\Dokumente\URSim_VIRTUAL-5.24.0.1219432\VM Shared\uGO\uGO-Brain\Library\workflow_post_task_send.py", line 3, in <module>
    from Library.login import login
  File "C:\Users\GoceDimitrieskiUnite\OneDrive - United Robotics Group GmbH\Dokumente\URSim_VIRTUAL-5.24.0.1219432\VM Shared\uGO\uGO-Brain\Library\login.py", line 3, in <module>
    from credentials import credentials
ModuleNotFoundError: No module named 'credentials'
